<?xml version="1.0" encoding="UTF-8"?>
<coverage generated="1771716730957" clover="3.2.0">
  <project timestamp="1771716730957" name="All files">
    <metrics statements="326" coveredstatements="320" conditionals="127" coveredconditionals="109" methods="85" coveredmethods="80" elements="538" coveredelements="509" complexity="0" loc="326" ncloc="326" packages="1" files="10" classes="10"/>
    <file name="constantes.js" path="C:\Users\Agustina\Desktop\Facultad\Taller de ingeniería de software\GitObligatorio\ObligatorioTIS\src\core\constantes.js">
      <metrics statements="5" coveredstatements="5" conditionals="0" coveredconditionals="0" methods="0" coveredmethods="0"/>
      <line num="1" count="7" type="stmt"/>
      <line num="8" count="7" type="stmt"/>
      <line num="26" count="7" type="stmt"/>
      <line num="87" count="7" type="stmt"/>
      <line num="114" count="7" type="stmt"/>
    </file>
    <file name="equipo.js" path="C:\Users\Agustina\Desktop\Facultad\Taller de ingeniería de software\GitObligatorio\ObligatorioTIS\src\core\equipo.js">
      <metrics statements="7" coveredstatements="7" conditionals="8" coveredconditionals="7" methods="4" coveredmethods="4"/>
      <line num="1" count="1" type="stmt"/>
      <line num="2" count="1" type="stmt"/>
      <line num="5" count="1" type="stmt"/>
      <line num="10" count="5" type="stmt"/>
      <line num="11" count="5" type="stmt"/>
      <line num="13" count="30" type="stmt"/>
      <line num="35" count="1" type="stmt"/>
    </file>
    <file name="formulario.js" path="C:\Users\Agustina\Desktop\Facultad\Taller de ingeniería de software\GitObligatorio\ObligatorioTIS\src\core\formulario.js">
      <metrics statements="96" coveredstatements="96" conditionals="47" coveredconditionals="44" methods="13" coveredmethods="13"/>
      <line num="1" count="1" type="stmt"/>
      <line num="8" count="1" type="stmt"/>
      <line num="9" count="1" type="stmt"/>
      <line num="10" count="1" type="stmt"/>
      <line num="15" count="13" type="stmt"/>
      <line num="16" count="13" type="cond" truecount="2" falsecount="0"/>
      <line num="17" count="6" type="stmt"/>
      <line num="20" count="13" type="stmt"/>
      <line num="25" count="36" type="stmt"/>
      <line num="33" count="5" type="stmt"/>
      <line num="34" count="5" type="stmt"/>
      <line num="35" count="5" type="stmt"/>
      <line num="37" count="5" type="cond" truecount="4" falsecount="0"/>
      <line num="38" count="2" type="stmt"/>
      <line num="39" count="2" type="stmt"/>
      <line num="43" count="3" type="stmt"/>
      <line num="44" count="3" type="stmt"/>
      <line num="45" count="3" type="cond" truecount="1" falsecount="1"/>
      <line num="47" count="3" type="stmt"/>
      <line num="48" count="3" type="cond" truecount="2" falsecount="0"/>
      <line num="49" count="1" type="stmt"/>
      <line num="50" count="1" type="stmt"/>
      <line num="56" count="2" type="stmt"/>
      <line num="57" count="2" type="stmt"/>
      <line num="61" count="3" type="cond" truecount="4" falsecount="0"/>
      <line num="65" count="3" type="stmt"/>
      <line num="69" count="2" type="stmt"/>
      <line num="71" count="36" type="stmt"/>
      <line num="72" count="36" type="cond" truecount="4" falsecount="0"/>
      <line num="76" count="2" type="stmt"/>
      <line num="82" count="8" type="stmt"/>
      <line num="83" count="1" type="stmt"/>
      <line num="84" count="1" type="stmt"/>
      <line num="86" count="1" type="cond" truecount="1" falsecount="1"/>
      <line num="89" count="1" type="stmt"/>
      <line num="90" count="1" type="stmt"/>
      <line num="94" count="8" type="stmt"/>
      <line num="95" count="8" type="stmt"/>
      <line num="101" count="8" type="stmt"/>
      <line num="102" count="1" type="stmt"/>
      <line num="103" count="1" type="stmt"/>
      <line num="104" count="1" type="stmt"/>
      <line num="107" count="8" type="stmt"/>
      <line num="108" count="5" type="stmt"/>
      <line num="110" count="5" type="stmt"/>
      <line num="111" count="5" type="stmt"/>
      <line num="112" count="5" type="stmt"/>
      <line num="113" count="5" type="stmt"/>
      <line num="114" count="5" type="stmt"/>
      <line num="115" count="5" type="stmt"/>
      <line num="116" count="5" type="stmt"/>
      <line num="119" count="5" type="cond" truecount="2" falsecount="0"/>
      <line num="128" count="1" type="stmt"/>
      <line num="129" count="1" type="stmt"/>
      <line num="133" count="4" type="stmt"/>
      <line num="134" count="4" type="cond" truecount="1" falsecount="1"/>
      <line num="137" count="4" type="stmt"/>
      <line num="139" count="4" type="cond" truecount="2" falsecount="0"/>
      <line num="140" count="1" type="stmt"/>
      <line num="141" count="1" type="stmt"/>
      <line num="145" count="3" type="cond" truecount="2" falsecount="0"/>
      <line num="146" count="1" type="stmt"/>
      <line num="147" count="1" type="stmt"/>
      <line num="151" count="2" type="stmt"/>
      <line num="152" count="2" type="stmt"/>
      <line num="154" count="1" type="cond" truecount="4" falsecount="0"/>
      <line num="161" count="2" type="cond" truecount="2" falsecount="0"/>
      <line num="162" count="1" type="stmt"/>
      <line num="164" count="1" type="stmt"/>
      <line num="165" count="1" type="stmt"/>
      <line num="169" count="1" type="stmt"/>
      <line num="181" count="1" type="stmt"/>
      <line num="182" count="1" type="stmt"/>
      <line num="185" count="1" type="stmt"/>
      <line num="186" count="1" type="stmt"/>
      <line num="188" count="1" type="stmt"/>
      <line num="190" count="1" type="stmt"/>
      <line num="194" count="1" type="stmt"/>
      <line num="197" count="1" type="stmt"/>
      <line num="198" count="1" type="stmt"/>
      <line num="199" count="1" type="stmt"/>
      <line num="200" count="1" type="stmt"/>
      <line num="204" count="8" type="stmt"/>
      <line num="207" count="8" type="stmt"/>
      <line num="218" count="8" type="stmt"/>
      <line num="219" count="8" type="stmt"/>
      <line num="220" count="8" type="cond" truecount="2" falsecount="0"/>
      <line num="222" count="6" type="stmt"/>
      <line num="223" count="6" type="cond" truecount="2" falsecount="0"/>
      <line num="225" count="6" type="stmt"/>
      <line num="226" count="6" type="stmt"/>
      <line num="227" count="73" type="stmt"/>
      <line num="228" count="73" type="stmt"/>
      <line num="229" count="73" type="stmt"/>
      <line num="231" count="6" type="stmt"/>
      <line num="234" count="1" type="stmt"/>
    </file>
    <file name="galeria.js" path="C:\Users\Agustina\Desktop\Facultad\Taller de ingeniería de software\GitObligatorio\ObligatorioTIS\src\core\galeria.js">
      <metrics statements="39" coveredstatements="37" conditionals="0" coveredconditionals="0" methods="14" coveredmethods="11"/>
      <line num="1" count="1" type="stmt"/>
      <line num="2" count="1" type="stmt"/>
      <line num="6" count="5" type="stmt"/>
      <line num="7" count="5" type="stmt"/>
      <line num="8" count="5" type="stmt"/>
      <line num="9" count="5" type="stmt"/>
      <line num="12" count="5" type="stmt"/>
      <line num="14" count="20" type="stmt"/>
      <line num="23" count="5" type="stmt"/>
      <line num="24" count="20" type="stmt"/>
      <line num="25" count="20" type="stmt"/>
      <line num="27" count="20" type="stmt"/>
      <line num="28" count="20" type="stmt"/>
      <line num="29" count="20" type="stmt"/>
      <line num="33" count="5" type="stmt"/>
      <line num="34" count="20" type="stmt"/>
      <line num="36" count="5" type="stmt"/>
      <line num="38" count="5" type="stmt"/>
      <line num="47" count="7" type="stmt"/>
      <line num="48" count="7" type="stmt"/>
      <line num="49" count="28" type="stmt"/>
      <line num="50" count="7" type="stmt"/>
      <line num="53" count="5" type="stmt"/>
      <line num="54" count="1" type="stmt"/>
      <line num="55" count="1" type="stmt"/>
      <line num="57" count="5" type="stmt"/>
      <line num="58" count="1" type="stmt"/>
      <line num="59" count="1" type="stmt"/>
      <line num="61" count="5" type="stmt"/>
      <line num="62" count="20" type="stmt"/>
      <line num="63" count="0" type="stmt"/>
      <line num="64" count="0" type="stmt"/>
      <line num="68" count="5" type="stmt"/>
      <line num="72" count="5" type="stmt"/>
      <line num="74" count="7" type="stmt"/>
      <line num="77" count="2" type="stmt"/>
      <line num="78" count="2" type="stmt"/>
      <line num="80" count="5" type="stmt"/>
      <line num="83" count="1" type="stmt"/>
    </file>
    <file name="helpers.js" path="C:\Users\Agustina\Desktop\Facultad\Taller de ingeniería de software\GitObligatorio\ObligatorioTIS\src\core\helpers.js">
      <metrics statements="18" coveredstatements="18" conditionals="2" coveredconditionals="2" methods="8" coveredmethods="8"/>
      <line num="5" count="116" type="stmt"/>
      <line num="6" count="11" type="stmt"/>
      <line num="13" count="24" type="stmt"/>
      <line num="14" count="24" type="stmt"/>
      <line num="15" count="24" type="cond" truecount="2" falsecount="0"/>
      <line num="17" count="1" type="stmt"/>
      <line num="21" count="7" type="stmt"/>
      <line num="26" count="10" type="stmt"/>
      <line num="30" count="3" type="stmt"/>
      <line num="31" count="3" type="stmt"/>
      <line num="32" count="3" type="stmt"/>
      <line num="33" count="3" type="stmt"/>
      <line num="39" count="3" type="stmt"/>
      <line num="40" count="3" type="stmt"/>
      <line num="41" count="3" type="stmt"/>
      <line num="42" count="3" type="stmt"/>
      <line num="43" count="3" type="stmt"/>
      <line num="46" count="7" type="stmt"/>
    </file>
    <file name="listado.js" path="C:\Users\Agustina\Desktop\Facultad\Taller de ingeniería de software\GitObligatorio\ObligatorioTIS\src\core\listado.js">
      <metrics statements="74" coveredstatements="70" conditionals="24" coveredconditionals="17" methods="21" coveredmethods="19"/>
      <line num="6" count="1" type="stmt"/>
      <line num="7" count="1" type="stmt"/>
      <line num="8" count="1" type="stmt"/>
      <line num="11" count="1" type="stmt"/>
      <line num="12" count="1" type="stmt"/>
      <line num="15" count="1" type="stmt"/>
      <line num="16" count="1" type="stmt"/>
      <line num="20" count="7" type="stmt"/>
      <line num="21" count="7" type="cond" truecount="2" falsecount="0"/>
      <line num="23" count="1" type="stmt"/>
      <line num="26" count="6" type="stmt"/>
      <line num="27" count="18" type="stmt"/>
      <line num="29" count="1" type="stmt"/>
      <line num="30" count="3" type="stmt"/>
      <line num="32" count="1" type="stmt"/>
      <line num="35" count="1" type="stmt"/>
      <line num="38" count="1" type="stmt"/>
      <line num="39" count="1" type="stmt"/>
      <line num="41" count="1" type="stmt"/>
      <line num="46" count="6" type="stmt"/>
      <line num="47" count="1" type="stmt"/>
      <line num="48" count="1" type="stmt"/>
      <line num="49" count="2" type="stmt"/>
      <line num="54" count="6" type="stmt"/>
      <line num="55" count="2" type="stmt"/>
      <line num="56" count="2" type="cond" truecount="2" falsecount="0"/>
      <line num="57" count="1" type="stmt"/>
      <line num="58" count="1" type="stmt"/>
      <line num="61" count="1" type="stmt"/>
      <line num="62" count="2" type="cond" truecount="2" falsecount="0"/>
      <line num="64" count="1" type="stmt"/>
      <line num="65" count="1" type="stmt"/>
      <line num="66" count="1" type="stmt"/>
      <line num="67" count="1" type="stmt"/>
      <line num="71" count="6" type="stmt"/>
      <line num="72" count="6" type="stmt"/>
      <line num="74" count="6" type="stmt"/>
      <line num="75" count="0" type="cond" truecount="0" falsecount="2"/>
      <line num="78" count="6" type="stmt"/>
      <line num="79" count="1" type="stmt"/>
      <line num="81" count="1" type="stmt"/>
      <line num="82" count="3" type="stmt"/>
      <line num="85" count="1" type="stmt"/>
      <line num="86" count="1" type="stmt"/>
      <line num="89" count="6" type="stmt"/>
      <line num="93" count="3" type="stmt"/>
      <line num="94" count="3" type="stmt"/>
      <line num="99" count="11" type="stmt"/>
      <line num="100" count="11" type="stmt"/>
      <line num="102" count="11" type="stmt"/>
      <line num="103" count="11" type="stmt"/>
      <line num="105" count="11" type="cond" truecount="2" falsecount="0"/>
      <line num="106" count="3" type="stmt"/>
      <line num="107" count="10" type="cond" truecount="2" falsecount="0"/>
      <line num="108" count="5" type="stmt"/>
      <line num="109" count="6" type="cond" truecount="1" falsecount="1"/>
      <line num="110" count="12" type="stmt"/>
      <line num="111" count="0" type="cond" truecount="0" falsecount="2"/>
      <line num="112" count="0" type="stmt"/>
      <line num="114" count="0" type="stmt"/>
      <line num="117" count="11" type="stmt"/>
      <line num="118" count="9" type="stmt"/>
      <line num="119" count="9" type="stmt"/>
      <line num="120" count="9" type="stmt"/>
      <line num="126" count="11" type="cond" truecount="2" falsecount="0"/>
      <line num="127" count="1" type="stmt"/>
      <line num="134" count="1" type="stmt"/>
      <line num="137" count="10" type="stmt"/>
      <line num="139" count="17" type="stmt"/>
      <line num="140" count="17" type="stmt"/>
      <line num="142" count="17" type="cond" truecount="2" falsecount="0"/>
      <line num="143" count="17" type="stmt"/>
      <line num="144" count="17" type="stmt"/>
      <line num="162" count="1" type="stmt"/>
    </file>
    <file name="modal.js" path="C:\Users\Agustina\Desktop\Facultad\Taller de ingeniería de software\GitObligatorio\ObligatorioTIS\src\core\modal.js">
      <metrics statements="13" coveredstatements="13" conditionals="4" coveredconditionals="4" methods="5" coveredmethods="5"/>
      <line num="1" count="1" type="stmt"/>
      <line num="5" count="6" type="stmt"/>
      <line num="6" count="6" type="stmt"/>
      <line num="7" count="6" type="stmt"/>
      <line num="8" count="6" type="stmt"/>
      <line num="11" count="4" type="stmt"/>
      <line num="12" count="4" type="stmt"/>
      <line num="13" count="4" type="stmt"/>
      <line num="19" count="4" type="stmt"/>
      <line num="20" count="4" type="cond" truecount="2" falsecount="0"/>
      <line num="22" count="4" type="stmt"/>
      <line num="23" count="6" type="cond" truecount="2" falsecount="0"/>
      <line num="27" count="1" type="stmt"/>
    </file>
    <file name="servicios.js" path="C:\Users\Agustina\Desktop\Facultad\Taller de ingeniería de software\GitObligatorio\ObligatorioTIS\src\core\servicios.js">
      <metrics statements="9" coveredstatements="9" conditionals="8" coveredconditionals="8" methods="4" coveredmethods="4"/>
      <line num="1" count="1" type="stmt"/>
      <line num="2" count="1" type="stmt"/>
      <line num="5" count="1" type="stmt"/>
      <line num="10" count="3" type="stmt"/>
      <line num="12" count="3" type="stmt"/>
      <line num="15" count="6" type="cond" truecount="2" falsecount="0"/>
      <line num="20" count="6" type="cond" truecount="2" falsecount="0"/>
      <line num="24" count="6" type="stmt"/>
      <line num="51" count="1" type="stmt"/>
    </file>
    <file name="sesion.js" path="C:\Users\Agustina\Desktop\Facultad\Taller de ingeniería de software\GitObligatorio\ObligatorioTIS\src\core\sesion.js">
      <metrics statements="50" coveredstatements="50" conditionals="28" coveredconditionals="21" methods="9" coveredmethods="9"/>
      <line num="1" count="1" type="stmt"/>
      <line num="2" count="1" type="stmt"/>
      <line num="5" count="2" type="stmt"/>
      <line num="6" count="2" type="cond" truecount="2" falsecount="0"/>
      <line num="10" count="4" type="stmt"/>
      <line num="16" count="16" type="stmt"/>
      <line num="19" count="5" type="stmt"/>
      <line num="20" count="5" type="stmt"/>
      <line num="24" count="13" type="stmt"/>
      <line num="27" count="13" type="stmt"/>
      <line num="28" count="13" type="cond" truecount="1" falsecount="1"/>
      <line num="29" count="13" type="cond" truecount="2" falsecount="0"/>
      <line num="31" count="13" type="stmt"/>
      <line num="34" count="13" type="stmt"/>
      <line num="35" count="13" type="cond" truecount="1" falsecount="1"/>
      <line num="36" count="13" type="stmt"/>
      <line num="37" count="13" type="cond" truecount="2" falsecount="0"/>
      <line num="41" count="13" type="stmt"/>
      <line num="42" count="13" type="cond" truecount="1" falsecount="1"/>
      <line num="43" count="13" type="stmt"/>
      <line num="44" count="13" type="cond" truecount="2" falsecount="0"/>
      <line num="47" count="13" type="stmt"/>
      <line num="48" count="13" type="cond" truecount="1" falsecount="1"/>
      <line num="49" count="13" type="stmt"/>
      <line num="50" count="13" type="cond" truecount="2" falsecount="0"/>
      <line num="55" count="5" type="stmt"/>
      <line num="58" count="5" type="stmt"/>
      <line num="59" count="5" type="cond" truecount="1" falsecount="1"/>
      <line num="60" count="5" type="stmt"/>
      <line num="61" count="3" type="stmt"/>
      <line num="62" count="3" type="stmt"/>
      <line num="63" count="3" type="stmt"/>
      <line num="65" count="3" type="stmt"/>
      <line num="66" count="3" type="stmt"/>
      <line num="68" count="3" type="cond" truecount="2" falsecount="0"/>
      <line num="72" count="3" type="cond" truecount="2" falsecount="0"/>
      <line num="73" count="1" type="stmt"/>
      <line num="74" count="1" type="stmt"/>
      <line num="77" count="2" type="stmt"/>
      <line num="79" count="2" type="stmt"/>
      <line num="80" count="2" type="stmt"/>
      <line num="81" count="2" type="stmt"/>
      <line num="86" count="5" type="stmt"/>
      <line num="87" count="5" type="cond" truecount="1" falsecount="1"/>
      <line num="88" count="5" type="stmt"/>
      <line num="89" count="2" type="stmt"/>
      <line num="90" count="2" type="cond" truecount="1" falsecount="1"/>
      <line num="91" count="2" type="stmt"/>
      <line num="92" count="2" type="stmt"/>
      <line num="98" count="1" type="stmt"/>
    </file>
    <file name="turno.js" path="C:\Users\Agustina\Desktop\Facultad\Taller de ingeniería de software\GitObligatorio\ObligatorioTIS\src\core\turno.js">
      <metrics statements="15" coveredstatements="15" conditionals="6" coveredconditionals="6" methods="7" coveredmethods="7"/>
      <line num="1" count="1" type="stmt"/>
      <line num="2" count="1" type="stmt"/>
      <line num="5" count="1" type="stmt"/>
      <line num="9" count="1" type="stmt"/>
      <line num="13" count="1" type="stmt"/>
      <line num="20" count="1" type="stmt"/>
      <line num="54" count="5" type="stmt"/>
      <line num="55" count="5" type="stmt"/>
      <line num="56" count="5" type="cond" truecount="2" falsecount="0"/>
      <line num="58" count="4" type="stmt"/>
      <line num="59" count="4" type="stmt"/>
      <line num="61" count="4" type="stmt"/>
      <line num="62" count="4" type="cond" truecount="2" falsecount="0"/>
      <line num="65" count="4" type="cond" truecount="2" falsecount="0"/>
      <line num="68" count="1" type="stmt"/>
    </file>
  </project>
</coverage>
