{"C:\\Users\\Agustina\\Desktop\\Facultad\\Taller de ingeniería de software\\GitObligatorio\\ObligatorioTIS\\src\\core\\constantes.js": {"path":"C:\\Users\\Agustina\\Desktop\\Facultad\\Taller de ingeniería de software\\GitObligatorio\\ObligatorioTIS\\src\\core\\constantes.js","statementMap":{"0":{"start":{"line":1,"column":16},"end":{"line":5,"column":1}},"1":{"start":{"line":8,"column":18},"end":{"line":24,"column":1}},"2":{"start":{"line":26,"column":22},"end":{"line":84,"column":1}},"3":{"start":{"line":87,"column":22},"end":{"line":112,"column":1}},"4":{"start":{"line":114,"column":0},"end":{"line":119,"column":1}}},"fnMap":{},"branchMap":{},"s":{"0":7,"1":7,"2":7,"3":7,"4":7},"f":{},"b":{},"_coverageSchema":"1a1c01bbd47fc00a2c39e90264f33305004495a9","hash":"139ee0e325c669f73daab75d19a605b082d43611"}
,"C:\\Users\\Agustina\\Desktop\\Facultad\\Taller de ingeniería de software\\GitObligatorio\\ObligatorioTIS\\src\\core\\equipo.js": {"path":"C:\\Users\\Agustina\\Desktop\\Facultad\\Taller de ingeniería de software\\GitObligatorio\\ObligatorioTIS\\src\\core\\equipo.js","statementMap":{"0":{"start":{"line":1,"column":14},"end":{"line":1,"column":34}},"1":{"start":{"line":2,"column":26},"end":{"line":2,"column":49}},"2":{"start":{"line":5,"column":2},"end":{"line":5,"column":48}},"3":{"start":{"line":5,"column":35},"end":{"line":5,"column":46}},"4":{"start":{"line":10,"column":15},"end":{"line":10,"column":29}},"5":{"start":{"line":11,"column":2},"end":{"line":32,"column":14}},"6":{"start":{"line":13,"column":13},"end":{"line":30,"column":3}},"7":{"start":{"line":35,"column":0},"end":{"line":38,"column":2}}},"fnMap":{"0":{"name":"profesionalPorId","decl":{"start":{"line":4,"column":9},"end":{"line":4,"column":25}},"loc":{"start":{"line":4,"column":30},"end":{"line":6,"column":1}},"line":4},"1":{"name":"(anonymous_1)","decl":{"start":{"line":5,"column":28},"end":{"line":5,"column":29}},"loc":{"start":{"line":5,"column":35},"end":{"line":5,"column":46}},"line":5},"2":{"name":"cargarEquipo","decl":{"start":{"line":9,"column":9},"end":{"line":9,"column":21}},"loc":{"start":{"line":9,"column":24},"end":{"line":33,"column":1}},"line":9},"3":{"name":"(anonymous_3)","decl":{"start":{"line":13,"column":6},"end":{"line":13,"column":7}},"loc":{"start":{"line":13,"column":13},"end":{"line":30,"column":3}},"line":13}},"branchMap":{"0":{"loc":{"start":{"line":17,"column":22},"end":{"line":17,"column":35}},"type":"binary-expr","locations":[{"start":{"line":17,"column":22},"end":{"line":17,"column":29}},{"start":{"line":17,"column":33},"end":{"line":17,"column":35}}],"line":17},"1":{"loc":{"start":{"line":22,"column":14},"end":{"line":22,"column":66}},"type":"cond-expr","locations":[{"start":{"line":22,"column":35},"end":{"line":22,"column":48}},{"start":{"line":22,"column":51},"end":{"line":22,"column":66}}],"line":22},"2":{"loc":{"start":{"line":23,"column":14},"end":{"line":23,"column":52}},"type":"cond-expr","locations":[{"start":{"line":23,"column":28},"end":{"line":23,"column":47}},{"start":{"line":23,"column":50},"end":{"line":23,"column":52}}],"line":23},"3":{"loc":{"start":{"line":28,"column":26},"end":{"line":28,"column":97}},"type":"cond-expr","locations":[{"start":{"line":28,"column":47},"end":{"line":28,"column":69}},{"start":{"line":28,"column":72},"end":{"line":28,"column":97}}],"line":28}},"s":{"0":1,"1":1,"2":1,"3":1,"4":5,"5":5,"6":30,"7":1},"f":{"0":1,"1":1,"2":5,"3":30},"b":{"0":[30,0],"1":[15,15],"2":[15,15],"3":[15,15]},"_coverageSchema":"1a1c01bbd47fc00a2c39e90264f33305004495a9","hash":"36e1ab2d5fa03e592084c80cb959aea335cde5ec"}
,"C:\\Users\\Agustina\\Desktop\\Facultad\\Taller de ingeniería de software\\GitObligatorio\\ObligatorioTIS\\src\\core\\formulario.js": {"path":"C:\\Users\\Agustina\\Desktop\\Facultad\\Taller de ingeniería de software\\GitObligatorio\\ObligatorioTIS\\src\\core\\formulario.js","statementMap":{"0":{"start":{"line":1,"column":57},"end":{"line":1,"column":77}},"1":{"start":{"line":8,"column":4},"end":{"line":8,"column":22}},"2":{"start":{"line":9,"column":34},"end":{"line":9,"column":54}},"3":{"start":{"line":10,"column":26},"end":{"line":10,"column":49}},"4":{"start":{"line":15,"column":17},"end":{"line":15,"column":36}},"5":{"start":{"line":16,"column":15},"end":{"line":18,"column":19}},"6":{"start":{"line":17,"column":34},"end":{"line":17,"column":49}},"7":{"start":{"line":20,"column":2},"end":{"line":29,"column":16}},"8":{"start":{"line":25,"column":10},"end":{"line":27,"column":20}},"9":{"start":{"line":33,"column":18},"end":{"line":33,"column":34}},"10":{"start":{"line":34,"column":24},"end":{"line":34,"column":49}},"11":{"start":{"line":35,"column":21},"end":{"line":35,"column":31}},"12":{"start":{"line":37,"column":2},"end":{"line":40,"column":3}},"13":{"start":{"line":38,"column":4},"end":{"line":38,"column":93}},"14":{"start":{"line":39,"column":4},"end":{"line":39,"column":11}},"15":{"start":{"line":43,"column":20},"end":{"line":43,"column":43}},"16":{"start":{"line":44,"column":18},"end":{"line":44,"column":42}},"17":{"start":{"line":45,"column":19},"end":{"line":45,"column":57}},"18":{"start":{"line":47,"column":19},"end":{"line":47,"column":56}},"19":{"start":{"line":48,"column":2},"end":{"line":51,"column":3}},"20":{"start":{"line":49,"column":4},"end":{"line":49,"column":73}},"21":{"start":{"line":50,"column":4},"end":{"line":50,"column":11}},"22":{"start":{"line":56,"column":19},"end":{"line":56,"column":34}},"23":{"start":{"line":57,"column":19},"end":{"line":66,"column":3}},"24":{"start":{"line":61,"column":10},"end":{"line":63,"column":63}},"25":{"start":{"line":65,"column":18},"end":{"line":65,"column":24}},"26":{"start":{"line":69,"column":18},"end":{"line":74,"column":13}},"27":{"start":{"line":71,"column":21},"end":{"line":71,"column":36}},"28":{"start":{"line":72,"column":6},"end":{"line":72,"column":107}},"29":{"start":{"line":76,"column":2},"end":{"line":76,"column":73}},"30":{"start":{"line":82,"column":2},"end":{"line":91,"column":5}},"31":{"start":{"line":83,"column":22},"end":{"line":83,"column":45}},"32":{"start":{"line":84,"column":20},"end":{"line":84,"column":44}},"33":{"start":{"line":86,"column":4},"end":{"line":86,"column":54}},"34":{"start":{"line":89,"column":4},"end":{"line":89,"column":93}},"35":{"start":{"line":90,"column":4},"end":{"line":90,"column":26}},"36":{"start":{"line":94,"column":2},"end":{"line":94,"column":71}},"37":{"start":{"line":95,"column":2},"end":{"line":95,"column":80}},"38":{"start":{"line":101,"column":2},"end":{"line":105,"column":5}},"39":{"start":{"line":102,"column":4},"end":{"line":102,"column":30}},"40":{"start":{"line":103,"column":4},"end":{"line":103,"column":93}},"41":{"start":{"line":104,"column":4},"end":{"line":104,"column":37}},"42":{"start":{"line":107,"column":2},"end":{"line":201,"column":5}},"43":{"start":{"line":108,"column":4},"end":{"line":108,"column":23}},"44":{"start":{"line":110,"column":22},"end":{"line":110,"column":45}},"45":{"start":{"line":111,"column":26},"end":{"line":111,"column":51}},"46":{"start":{"line":112,"column":20},"end":{"line":112,"column":36}},"47":{"start":{"line":113,"column":17},"end":{"line":113,"column":33}},"48":{"start":{"line":114,"column":22},"end":{"line":114,"column":50}},"49":{"start":{"line":115,"column":20},"end":{"line":115,"column":46}},"50":{"start":{"line":116,"column":18},"end":{"line":116,"column":42}},"51":{"start":{"line":119,"column":4},"end":{"line":130,"column":5}},"52":{"start":{"line":128,"column":6},"end":{"line":128,"column":59}},"53":{"start":{"line":129,"column":6},"end":{"line":129,"column":13}},"54":{"start":{"line":133,"column":20},"end":{"line":133,"column":44}},"55":{"start":{"line":134,"column":21},"end":{"line":134,"column":59}},"56":{"start":{"line":137,"column":21},"end":{"line":137,"column":46}},"57":{"start":{"line":139,"column":4},"end":{"line":142,"column":5}},"58":{"start":{"line":140,"column":6},"end":{"line":140,"column":78}},"59":{"start":{"line":141,"column":6},"end":{"line":141,"column":13}},"60":{"start":{"line":145,"column":4},"end":{"line":148,"column":5}},"61":{"start":{"line":146,"column":6},"end":{"line":146,"column":67}},"62":{"start":{"line":147,"column":6},"end":{"line":147,"column":13}},"63":{"start":{"line":151,"column":21},"end":{"line":151,"column":36}},"64":{"start":{"line":152,"column":20},"end":{"line":158,"column":5}},"65":{"start":{"line":154,"column":8},"end":{"line":157,"column":23}},"66":{"start":{"line":161,"column":4},"end":{"line":166,"column":5}},"67":{"start":{"line":162,"column":6},"end":{"line":162,"column":69}},"68":{"start":{"line":164,"column":5},"end":{"line":164,"column":52}},"69":{"start":{"line":165,"column":6},"end":{"line":165,"column":13}},"70":{"start":{"line":169,"column":23},"end":{"line":179,"column":5}},"71":{"start":{"line":181,"column":4},"end":{"line":181,"column":30}},"72":{"start":{"line":182,"column":4},"end":{"line":182,"column":31}},"73":{"start":{"line":185,"column":14},"end":{"line":185,"column":38}},"74":{"start":{"line":186,"column":14},"end":{"line":186,"column":45}},"75":{"start":{"line":188,"column":18},"end":{"line":188,"column":35}},"76":{"start":{"line":190,"column":4},"end":{"line":192,"column":6}},"77":{"start":{"line":194,"column":4},"end":{"line":194,"column":36}},"78":{"start":{"line":197,"column":4},"end":{"line":197,"column":30}},"79":{"start":{"line":198,"column":4},"end":{"line":198,"column":93}},"80":{"start":{"line":199,"column":4},"end":{"line":199,"column":37}},"81":{"start":{"line":200,"column":4},"end":{"line":200,"column":28}},"82":{"start":{"line":204,"column":2},"end":{"line":204,"column":45}},"83":{"start":{"line":207,"column":2},"end":{"line":207,"column":35}},"84":{"start":{"line":218,"column":12},"end":{"line":218,"column":43}},"85":{"start":{"line":219,"column":14},"end":{"line":219,"column":24}},"86":{"start":{"line":220,"column":2},"end":{"line":220,"column":27}},"87":{"start":{"line":220,"column":17},"end":{"line":220,"column":27}},"88":{"start":{"line":222,"column":15},"end":{"line":222,"column":21}},"89":{"start":{"line":223,"column":16},"end":{"line":223,"column":50}},"90":{"start":{"line":225,"column":16},"end":{"line":225,"column":18}},"91":{"start":{"line":226,"column":2},"end":{"line":230,"column":3}},"92":{"start":{"line":226,"column":15},"end":{"line":226,"column":19}},"93":{"start":{"line":227,"column":14},"end":{"line":227,"column":32}},"94":{"start":{"line":228,"column":15},"end":{"line":228,"column":21}},"95":{"start":{"line":229,"column":4},"end":{"line":229,"column":41}},"96":{"start":{"line":231,"column":2},"end":{"line":231,"column":15}},"97":{"start":{"line":234,"column":0},"end":{"line":239,"column":2}}},"fnMap":{"0":{"name":"mostrarOpcionesProfesionales","decl":{"start":{"line":14,"column":9},"end":{"line":14,"column":37}},"loc":{"start":{"line":14,"column":44},"end":{"line":30,"column":1}},"line":14},"1":{"name":"(anonymous_1)","decl":{"start":{"line":17,"column":27},"end":{"line":17,"column":28}},"loc":{"start":{"line":17,"column":34},"end":{"line":17,"column":49}},"line":17},"2":{"name":"(anonymous_2)","decl":{"start":{"line":24,"column":8},"end":{"line":24,"column":9}},"loc":{"start":{"line":25,"column":10},"end":{"line":27,"column":20}},"line":25},"3":{"name":"actualizarHorariosDisponibles","decl":{"start":{"line":32,"column":9},"end":{"line":32,"column":38}},"loc":{"start":{"line":32,"column":41},"end":{"line":77,"column":1}},"line":32},"4":{"name":"(anonymous_4)","decl":{"start":{"line":60,"column":8},"end":{"line":60,"column":9}},"loc":{"start":{"line":61,"column":10},"end":{"line":63,"column":63}},"line":61},"5":{"name":"(anonymous_5)","decl":{"start":{"line":65,"column":11},"end":{"line":65,"column":12}},"loc":{"start":{"line":65,"column":18},"end":{"line":65,"column":24}},"line":65},"6":{"name":"(anonymous_6)","decl":{"start":{"line":70,"column":9},"end":{"line":70,"column":10}},"loc":{"start":{"line":70,"column":16},"end":{"line":73,"column":5}},"line":70},"7":{"name":"formularioTurno","decl":{"start":{"line":79,"column":9},"end":{"line":79,"column":24}},"loc":{"start":{"line":79,"column":27},"end":{"line":208,"column":1}},"line":79},"8":{"name":"(anonymous_8)","decl":{"start":{"line":82,"column":47},"end":{"line":82,"column":48}},"loc":{"start":{"line":82,"column":53},"end":{"line":91,"column":3}},"line":82},"9":{"name":"(anonymous_9)","decl":{"start":{"line":101,"column":47},"end":{"line":101,"column":48}},"loc":{"start":{"line":101,"column":53},"end":{"line":105,"column":3}},"line":101},"10":{"name":"(anonymous_10)","decl":{"start":{"line":107,"column":47},"end":{"line":107,"column":48}},"loc":{"start":{"line":107,"column":54},"end":{"line":201,"column":3}},"line":107},"11":{"name":"(anonymous_11)","decl":{"start":{"line":153,"column":6},"end":{"line":153,"column":7}},"loc":{"start":{"line":154,"column":8},"end":{"line":157,"column":23}},"line":154},"12":{"name":"generarSlotsTiempo","decl":{"start":{"line":217,"column":9},"end":{"line":217,"column":27}},"loc":{"start":{"line":217,"column":50},"end":{"line":232,"column":1}},"line":217}},"branchMap":{"0":{"loc":{"start":{"line":16,"column":15},"end":{"line":18,"column":19}},"type":"cond-expr","locations":[{"start":{"line":17,"column":6},"end":{"line":17,"column":50}},{"start":{"line":18,"column":6},"end":{"line":18,"column":19}}],"line":16},"1":{"loc":{"start":{"line":26,"column":23},"end":{"line":26,"column":61}},"type":"cond-expr","locations":[{"start":{"line":26,"column":37},"end":{"line":26,"column":56}},{"start":{"line":26,"column":59},"end":{"line":26,"column":61}}],"line":26},"2":{"loc":{"start":{"line":37,"column":2},"end":{"line":40,"column":3}},"type":"if","locations":[{"start":{"line":37,"column":2},"end":{"line":40,"column":3}},{"start":{},"end":{}}],"line":37},"3":{"loc":{"start":{"line":37,"column":6},"end":{"line":37,"column":32}},"type":"binary-expr","locations":[{"start":{"line":37,"column":6},"end":{"line":37,"column":14}},{"start":{"line":37,"column":18},"end":{"line":37,"column":32}}],"line":37},"4":{"loc":{"start":{"line":45,"column":19},"end":{"line":45,"column":57}},"type":"cond-expr","locations":[{"start":{"line":45,"column":50},"end":{"line":45,"column":52}},{"start":{"line":45,"column":55},"end":{"line":45,"column":57}}],"line":45},"5":{"loc":{"start":{"line":48,"column":2},"end":{"line":51,"column":3}},"type":"if","locations":[{"start":{"line":48,"column":2},"end":{"line":51,"column":3}},{"start":{},"end":{}}],"line":48},"6":{"loc":{"start":{"line":61,"column":10},"end":{"line":63,"column":63}},"type":"binary-expr","locations":[{"start":{"line":61,"column":10},"end":{"line":61,"column":31}},{"start":{"line":62,"column":10},"end":{"line":62,"column":31}},{"start":{"line":63,"column":11},"end":{"line":63,"column":25}},{"start":{"line":63,"column":29},"end":{"line":63,"column":62}}],"line":61},"7":{"loc":{"start":{"line":72,"column":37},"end":{"line":72,"column":61}},"type":"cond-expr","locations":[{"start":{"line":72,"column":46},"end":{"line":72,"column":56}},{"start":{"line":72,"column":59},"end":{"line":72,"column":61}}],"line":72},"8":{"loc":{"start":{"line":72,"column":69},"end":{"line":72,"column":95}},"type":"cond-expr","locations":[{"start":{"line":72,"column":78},"end":{"line":72,"column":90}},{"start":{"line":72,"column":93},"end":{"line":72,"column":95}}],"line":72},"9":{"loc":{"start":{"line":86,"column":33},"end":{"line":86,"column":52}},"type":"binary-expr","locations":[{"start":{"line":86,"column":33},"end":{"line":86,"column":46}},{"start":{"line":86,"column":50},"end":{"line":86,"column":52}}],"line":86},"10":{"loc":{"start":{"line":119,"column":4},"end":{"line":130,"column":5}},"type":"if","locations":[{"start":{"line":119,"column":4},"end":{"line":130,"column":5}},{"start":{},"end":{}}],"line":119},"11":{"loc":{"start":{"line":120,"column":6},"end":{"line":126,"column":12}},"type":"binary-expr","locations":[{"start":{"line":120,"column":6},"end":{"line":120,"column":16}},{"start":{"line":121,"column":6},"end":{"line":121,"column":20}},{"start":{"line":122,"column":6},"end":{"line":122,"column":14}},{"start":{"line":123,"column":6},"end":{"line":123,"column":11}},{"start":{"line":124,"column":6},"end":{"line":124,"column":16}},{"start":{"line":125,"column":6},"end":{"line":125,"column":14}},{"start":{"line":126,"column":6},"end":{"line":126,"column":12}}],"line":120},"12":{"loc":{"start":{"line":134,"column":21},"end":{"line":134,"column":59}},"type":"cond-expr","locations":[{"start":{"line":134,"column":52},"end":{"line":134,"column":54}},{"start":{"line":134,"column":57},"end":{"line":134,"column":59}}],"line":134},"13":{"loc":{"start":{"line":139,"column":4},"end":{"line":142,"column":5}},"type":"if","locations":[{"start":{"line":139,"column":4},"end":{"line":142,"column":5}},{"start":{},"end":{}}],"line":139},"14":{"loc":{"start":{"line":145,"column":4},"end":{"line":148,"column":5}},"type":"if","locations":[{"start":{"line":145,"column":4},"end":{"line":148,"column":5}},{"start":{},"end":{}}],"line":145},"15":{"loc":{"start":{"line":154,"column":8},"end":{"line":157,"column":23}},"type":"binary-expr","locations":[{"start":{"line":154,"column":8},"end":{"line":154,"column":29}},{"start":{"line":155,"column":8},"end":{"line":155,"column":41}},{"start":{"line":156,"column":8},"end":{"line":156,"column":29}},{"start":{"line":157,"column":8},"end":{"line":157,"column":23}}],"line":154},"16":{"loc":{"start":{"line":161,"column":4},"end":{"line":166,"column":5}},"type":"if","locations":[{"start":{"line":161,"column":4},"end":{"line":166,"column":5}},{"start":{},"end":{}}],"line":161},"17":{"loc":{"start":{"line":220,"column":2},"end":{"line":220,"column":27}},"type":"if","locations":[{"start":{"line":220,"column":2},"end":{"line":220,"column":27}},{"start":{},"end":{}}],"line":220},"18":{"loc":{"start":{"line":223,"column":16},"end":{"line":223,"column":50}},"type":"cond-expr","locations":[{"start":{"line":223,"column":28},"end":{"line":223,"column":40}},{"start":{"line":223,"column":43},"end":{"line":223,"column":50}}],"line":223}},"s":{"0":1,"1":1,"2":1,"3":1,"4":13,"5":13,"6":6,"7":13,"8":36,"9":5,"10":5,"11":5,"12":5,"13":2,"14":2,"15":3,"16":3,"17":3,"18":3,"19":3,"20":1,"21":1,"22":2,"23":2,"24":3,"25":3,"26":2,"27":36,"28":36,"29":2,"30":8,"31":1,"32":1,"33":1,"34":1,"35":1,"36":8,"37":8,"38":8,"39":1,"40":1,"41":1,"42":8,"43":5,"44":5,"45":5,"46":5,"47":5,"48":5,"49":5,"50":5,"51":5,"52":1,"53":1,"54":4,"55":4,"56":4,"57":4,"58":1,"59":1,"60":3,"61":1,"62":1,"63":2,"64":2,"65":1,"66":2,"67":1,"68":1,"69":1,"70":1,"71":1,"72":1,"73":1,"74":1,"75":1,"76":1,"77":1,"78":1,"79":1,"80":1,"81":1,"82":8,"83":8,"84":8,"85":8,"86":8,"87":2,"88":6,"89":6,"90":6,"91":6,"92":6,"93":73,"94":73,"95":73,"96":6,"97":1},"f":{"0":13,"1":6,"2":36,"3":5,"4":3,"5":3,"6":36,"7":8,"8":1,"9":1,"10":5,"11":1,"12":8},"b":{"0":[2,11],"1":[24,12],"2":[2,3],"3":[5,3],"4":[0,3],"5":[1,2],"6":[3,3,3,3],"7":[3,33],"8":[3,33],"9":[1,0],"10":[1,4],"11":[5,4,4,4,4,4,4],"12":[0,4],"13":[1,3],"14":[1,2],"15":[1,1,1,1],"16":[1,1],"17":[2,6],"18":[2,4]},"_coverageSchema":"1a1c01bbd47fc00a2c39e90264f33305004495a9","hash":"aadbc6475833d2173bad9e72a73b8bcdf54341ef"}
,"C:\\Users\\Agustina\\Desktop\\Facultad\\Taller de ingeniería de software\\GitObligatorio\\ObligatorioTIS\\src\\core\\galeria.js": {"path":"C:\\Users\\Agustina\\Desktop\\Facultad\\Taller de ingeniería de software\\GitObligatorio\\ObligatorioTIS\\src\\core\\galeria.js","statementMap":{"0":{"start":{"line":1,"column":18},"end":{"line":1,"column":38}},"1":{"start":{"line":2,"column":26},"end":{"line":2,"column":49}},"2":{"start":{"line":6,"column":16},"end":{"line":6,"column":35}},"3":{"start":{"line":7,"column":19},"end":{"line":7,"column":37}},"4":{"start":{"line":8,"column":15},"end":{"line":8,"column":30}},"5":{"start":{"line":9,"column":15},"end":{"line":9,"column":30}},"6":{"start":{"line":12,"column":2},"end":{"line":20,"column":14}},"7":{"start":{"line":14,"column":16},"end":{"line":18,"column":3}},"8":{"start":{"line":23,"column":2},"end":{"line":30,"column":5}},"9":{"start":{"line":24,"column":14},"end":{"line":24,"column":30}},"10":{"start":{"line":25,"column":4},"end":{"line":25,"column":50}},"11":{"start":{"line":27,"column":16},"end":{"line":27,"column":27}},"12":{"start":{"line":28,"column":4},"end":{"line":28,"column":70}},"13":{"start":{"line":28,"column":24},"end":{"line":28,"column":68}},"14":{"start":{"line":29,"column":4},"end":{"line":29,"column":20}},"15":{"start":{"line":33,"column":2},"end":{"line":35,"column":14}},"16":{"start":{"line":34,"column":19},"end":{"line":34,"column":62}},"17":{"start":{"line":36,"column":15},"end":{"line":36,"column":39}},"18":{"start":{"line":38,"column":14},"end":{"line":38,"column":15}},"19":{"start":{"line":47,"column":4},"end":{"line":47,"column":62}},"20":{"start":{"line":48,"column":4},"end":{"line":48,"column":59}},"21":{"start":{"line":49,"column":4},"end":{"line":49,"column":57}},"22":{"start":{"line":49,"column":24},"end":{"line":49,"column":55}},"23":{"start":{"line":50,"column":4},"end":{"line":50,"column":44}},"24":{"start":{"line":53,"column":2},"end":{"line":56,"column":5}},"25":{"start":{"line":54,"column":4},"end":{"line":54,"column":18}},"26":{"start":{"line":55,"column":4},"end":{"line":55,"column":16}},"27":{"start":{"line":57,"column":2},"end":{"line":60,"column":5}},"28":{"start":{"line":58,"column":4},"end":{"line":58,"column":18}},"29":{"start":{"line":59,"column":4},"end":{"line":59,"column":16}},"30":{"start":{"line":61,"column":2},"end":{"line":66,"column":4}},"31":{"start":{"line":62,"column":4},"end":{"line":65,"column":6}},"32":{"start":{"line":63,"column":6},"end":{"line":63,"column":32}},"33":{"start":{"line":64,"column":6},"end":{"line":64,"column":18}},"34":{"start":{"line":68,"column":2},"end":{"line":68,"column":8}},"35":{"start":{"line":72,"column":14},"end":{"line":72,"column":18}},"36":{"start":{"line":74,"column":4},"end":{"line":74,"column":51}},"37":{"start":{"line":74,"column":30},"end":{"line":74,"column":43}},"38":{"start":{"line":77,"column":4},"end":{"line":77,"column":25}},"39":{"start":{"line":78,"column":4},"end":{"line":78,"column":11}},"40":{"start":{"line":80,"column":2},"end":{"line":80,"column":9}},"41":{"start":{"line":83,"column":0},"end":{"line":83,"column":35}}},"fnMap":{"0":{"name":"cargarGaleria","decl":{"start":{"line":5,"column":9},"end":{"line":5,"column":22}},"loc":{"start":{"line":5,"column":25},"end":{"line":81,"column":1}},"line":5},"1":{"name":"(anonymous_1)","decl":{"start":{"line":14,"column":6},"end":{"line":14,"column":7}},"loc":{"start":{"line":14,"column":16},"end":{"line":18,"column":3}},"line":14},"2":{"name":"(anonymous_2)","decl":{"start":{"line":23,"column":23},"end":{"line":23,"column":24}},"loc":{"start":{"line":23,"column":34},"end":{"line":30,"column":3}},"line":23},"3":{"name":"(anonymous_3)","decl":{"start":{"line":28,"column":17},"end":{"line":28,"column":18}},"loc":{"start":{"line":28,"column":24},"end":{"line":28,"column":68}},"line":28},"4":{"name":"(anonymous_4)","decl":{"start":{"line":34,"column":9},"end":{"line":34,"column":10}},"loc":{"start":{"line":34,"column":19},"end":{"line":34,"column":62}},"line":34},"5":{"name":"go","decl":{"start":{"line":46,"column":11},"end":{"line":46,"column":13}},"loc":{"start":{"line":46,"column":17},"end":{"line":51,"column":3}},"line":46},"6":{"name":"(anonymous_6)","decl":{"start":{"line":49,"column":17},"end":{"line":49,"column":18}},"loc":{"start":{"line":49,"column":24},"end":{"line":49,"column":55}},"line":49},"7":{"name":"(anonymous_7)","decl":{"start":{"line":53,"column":33},"end":{"line":53,"column":34}},"loc":{"start":{"line":53,"column":39},"end":{"line":56,"column":3}},"line":53},"8":{"name":"(anonymous_8)","decl":{"start":{"line":57,"column":33},"end":{"line":57,"column":34}},"loc":{"start":{"line":57,"column":39},"end":{"line":60,"column":3}},"line":57},"9":{"name":"(anonymous_9)","decl":{"start":{"line":61,"column":15},"end":{"line":61,"column":16}},"loc":{"start":{"line":62,"column":4},"end":{"line":65,"column":6}},"line":62},"10":{"name":"(anonymous_10)","decl":{"start":{"line":62,"column":32},"end":{"line":62,"column":33}},"loc":{"start":{"line":62,"column":38},"end":{"line":65,"column":5}},"line":62},"11":{"name":"auto","decl":{"start":{"line":73,"column":11},"end":{"line":73,"column":15}},"loc":{"start":{"line":73,"column":18},"end":{"line":75,"column":3}},"line":73},"12":{"name":"(anonymous_12)","decl":{"start":{"line":74,"column":24},"end":{"line":74,"column":25}},"loc":{"start":{"line":74,"column":30},"end":{"line":74,"column":43}},"line":74},"13":{"name":"resetAuto","decl":{"start":{"line":76,"column":11},"end":{"line":76,"column":20}},"loc":{"start":{"line":76,"column":23},"end":{"line":79,"column":3}},"line":76}},"branchMap":{},"s":{"0":1,"1":1,"2":5,"3":5,"4":5,"5":5,"6":5,"7":20,"8":5,"9":20,"10":20,"11":20,"12":20,"13":0,"14":20,"15":5,"16":20,"17":5,"18":5,"19":7,"20":7,"21":7,"22":28,"23":7,"24":5,"25":1,"26":1,"27":5,"28":1,"29":1,"30":5,"31":20,"32":0,"33":0,"34":5,"35":5,"36":7,"37":0,"38":2,"39":2,"40":5,"41":1},"f":{"0":5,"1":20,"2":20,"3":0,"4":20,"5":7,"6":28,"7":1,"8":1,"9":20,"10":0,"11":7,"12":0,"13":2},"b":{},"_coverageSchema":"1a1c01bbd47fc00a2c39e90264f33305004495a9","hash":"12cdabf75ca17b583a7a38ca3d2158768a623e19"}
,"C:\\Users\\Agustina\\Desktop\\Facultad\\Taller de ingeniería de software\\GitObligatorio\\ObligatorioTIS\\src\\core\\helpers.js": {"path":"C:\\Users\\Agustina\\Desktop\\Facultad\\Taller de ingeniería de software\\GitObligatorio\\ObligatorioTIS\\src\\core\\helpers.js","statementMap":{"0":{"start":{"line":5,"column":10},"end":{"line":5,"column":46}},"1":{"start":{"line":5,"column":19},"end":{"line":5,"column":46}},"2":{"start":{"line":6,"column":11},"end":{"line":6,"column":50}},"3":{"start":{"line":6,"column":20},"end":{"line":6,"column":50}},"4":{"start":{"line":13,"column":2},"end":{"line":18,"column":3}},"5":{"start":{"line":14,"column":16},"end":{"line":14,"column":41}},"6":{"start":{"line":15,"column":4},"end":{"line":15,"column":44}},"7":{"start":{"line":17,"column":4},"end":{"line":17,"column":20}},"8":{"start":{"line":21,"column":2},"end":{"line":21,"column":51}},"9":{"start":{"line":26,"column":2},"end":{"line":26,"column":36}},"10":{"start":{"line":30,"column":12},"end":{"line":30,"column":27}},"11":{"start":{"line":31,"column":12},"end":{"line":31,"column":34}},"12":{"start":{"line":32,"column":14},"end":{"line":32,"column":31}},"13":{"start":{"line":33,"column":2},"end":{"line":33,"column":28}},"14":{"start":{"line":39,"column":16},"end":{"line":39,"column":27}},"15":{"start":{"line":40,"column":2},"end":{"line":40,"column":26}},"16":{"start":{"line":41,"column":2},"end":{"line":41,"column":33}},"17":{"start":{"line":42,"column":2},"end":{"line":42,"column":29}},"18":{"start":{"line":43,"column":2},"end":{"line":43,"column":75}},"19":{"start":{"line":43,"column":34},"end":{"line":43,"column":67}},"20":{"start":{"line":46,"column":0},"end":{"line":54,"column":2}}},"fnMap":{"0":{"name":"(anonymous_0)","decl":{"start":{"line":5,"column":10},"end":{"line":5,"column":11}},"loc":{"start":{"line":5,"column":19},"end":{"line":5,"column":46}},"line":5},"1":{"name":"(anonymous_1)","decl":{"start":{"line":6,"column":11},"end":{"line":6,"column":12}},"loc":{"start":{"line":6,"column":20},"end":{"line":6,"column":50}},"line":6},"2":{"name":"readLS","decl":{"start":{"line":12,"column":9},"end":{"line":12,"column":15}},"loc":{"start":{"line":12,"column":31},"end":{"line":19,"column":1}},"line":12},"3":{"name":"writeLS","decl":{"start":{"line":20,"column":9},"end":{"line":20,"column":16}},"loc":{"start":{"line":20,"column":29},"end":{"line":22,"column":1}},"line":20},"4":{"name":"pad2","decl":{"start":{"line":25,"column":9},"end":{"line":25,"column":13}},"loc":{"start":{"line":25,"column":17},"end":{"line":27,"column":1}},"line":25},"5":{"name":"formatDateISO","decl":{"start":{"line":29,"column":9},"end":{"line":29,"column":22}},"loc":{"start":{"line":29,"column":26},"end":{"line":34,"column":1}},"line":29},"6":{"name":"showToast","decl":{"start":{"line":38,"column":9},"end":{"line":38,"column":18}},"loc":{"start":{"line":38,"column":24},"end":{"line":44,"column":1}},"line":38},"7":{"name":"(anonymous_7)","decl":{"start":{"line":43,"column":28},"end":{"line":43,"column":29}},"loc":{"start":{"line":43,"column":34},"end":{"line":43,"column":67}},"line":43}},"branchMap":{"0":{"loc":{"start":{"line":15,"column":11},"end":{"line":15,"column":43}},"type":"cond-expr","locations":[{"start":{"line":15,"column":17},"end":{"line":15,"column":32}},{"start":{"line":15,"column":35},"end":{"line":15,"column":43}}],"line":15}},"s":{"0":7,"1":116,"2":7,"3":11,"4":24,"5":24,"6":24,"7":1,"8":7,"9":10,"10":3,"11":3,"12":3,"13":3,"14":3,"15":3,"16":3,"17":3,"18":3,"19":2,"20":7},"f":{"0":116,"1":11,"2":24,"3":7,"4":10,"5":3,"6":3,"7":2},"b":{"0":[11,13]},"_coverageSchema":"1a1c01bbd47fc00a2c39e90264f33305004495a9","hash":"1a2dd644c8e59e15be7b977b22208ab7a6e03609"}
,"C:\\Users\\Agustina\\Desktop\\Facultad\\Taller de ingeniería de software\\GitObligatorio\\ObligatorioTIS\\src\\core\\listado.js": {"path":"C:\\Users\\Agustina\\Desktop\\Facultad\\Taller de ingeniería de software\\GitObligatorio\\ObligatorioTIS\\src\\core\\listado.js","statementMap":{"0":{"start":{"line":6,"column":4},"end":{"line":6,"column":22}},"1":{"start":{"line":7,"column":50},"end":{"line":7,"column":70}},"2":{"start":{"line":8,"column":23},"end":{"line":8,"column":42}},"3":{"start":{"line":11,"column":18},"end":{"line":11,"column":23}},"4":{"start":{"line":12,"column":22},"end":{"line":12,"column":26}},"5":{"start":{"line":15,"column":2},"end":{"line":15,"column":22}},"6":{"start":{"line":16,"column":2},"end":{"line":16,"column":25}},"7":{"start":{"line":20,"column":15},"end":{"line":20,"column":27}},"8":{"start":{"line":21,"column":2},"end":{"line":24,"column":3}},"9":{"start":{"line":23,"column":4},"end":{"line":23,"column":11}},"10":{"start":{"line":26,"column":2},"end":{"line":43,"column":5}},"11":{"start":{"line":27,"column":4},"end":{"line":42,"column":7}},"12":{"start":{"line":29,"column":6},"end":{"line":31,"column":8}},"13":{"start":{"line":30,"column":8},"end":{"line":30,"column":39}},"14":{"start":{"line":32,"column":6},"end":{"line":32,"column":60}},"15":{"start":{"line":35,"column":6},"end":{"line":35,"column":37}},"16":{"start":{"line":38,"column":6},"end":{"line":38,"column":44}},"17":{"start":{"line":39,"column":6},"end":{"line":39,"column":29}},"18":{"start":{"line":41,"column":6},"end":{"line":41,"column":30}},"19":{"start":{"line":46,"column":2},"end":{"line":51,"column":5}},"20":{"start":{"line":47,"column":20},"end":{"line":47,"column":36}},"21":{"start":{"line":48,"column":4},"end":{"line":50,"column":6}},"22":{"start":{"line":49,"column":15},"end":{"line":49,"column":35}},"23":{"start":{"line":54,"column":2},"end":{"line":68,"column":5}},"24":{"start":{"line":55,"column":16},"end":{"line":55,"column":46}},"25":{"start":{"line":56,"column":4},"end":{"line":59,"column":5}},"26":{"start":{"line":57,"column":6},"end":{"line":57,"column":49}},"27":{"start":{"line":58,"column":6},"end":{"line":58,"column":13}},"28":{"start":{"line":61,"column":21},"end":{"line":63,"column":5}},"29":{"start":{"line":62,"column":6},"end":{"line":62,"column":60}},"30":{"start":{"line":64,"column":4},"end":{"line":64,"column":31}},"31":{"start":{"line":65,"column":4},"end":{"line":65,"column":36}},"32":{"start":{"line":66,"column":4},"end":{"line":66,"column":28}},"33":{"start":{"line":67,"column":4},"end":{"line":67,"column":36}},"34":{"start":{"line":71,"column":20},"end":{"line":71,"column":41}},"35":{"start":{"line":72,"column":22},"end":{"line":72,"column":45}},"36":{"start":{"line":74,"column":2},"end":{"line":76,"column":5}},"37":{"start":{"line":75,"column":4},"end":{"line":75,"column":70}},"38":{"start":{"line":78,"column":2},"end":{"line":87,"column":5}},"39":{"start":{"line":79,"column":4},"end":{"line":79,"column":38}},"40":{"start":{"line":81,"column":4},"end":{"line":83,"column":6}},"41":{"start":{"line":82,"column":6},"end":{"line":82,"column":37}},"42":{"start":{"line":85,"column":4},"end":{"line":85,"column":43}},"43":{"start":{"line":86,"column":4},"end":{"line":86,"column":28}},"44":{"start":{"line":89,"column":2},"end":{"line":89,"column":26}},"45":{"start":{"line":93,"column":2},"end":{"line":95,"column":4}},"46":{"start":{"line":94,"column":12},"end":{"line":94,"column":25}},"47":{"start":{"line":99,"column":16},"end":{"line":99,"column":35}},"48":{"start":{"line":100,"column":19},"end":{"line":100,"column":34}},"49":{"start":{"line":102,"column":19},"end":{"line":102,"column":44}},"50":{"start":{"line":103,"column":13},"end":{"line":103,"column":21}},"51":{"start":{"line":105,"column":2},"end":{"line":115,"column":3}},"52":{"start":{"line":106,"column":4},"end":{"line":106,"column":65}},"53":{"start":{"line":106,"column":34},"end":{"line":106,"column":63}},"54":{"start":{"line":107,"column":9},"end":{"line":115,"column":3}},"55":{"start":{"line":108,"column":4},"end":{"line":108,"column":58}},"56":{"start":{"line":108,"column":34},"end":{"line":108,"column":56}},"57":{"start":{"line":109,"column":9},"end":{"line":115,"column":3}},"58":{"start":{"line":110,"column":4},"end":{"line":110,"column":57}},"59":{"start":{"line":110,"column":34},"end":{"line":110,"column":55}},"60":{"start":{"line":111,"column":9},"end":{"line":115,"column":3}},"61":{"start":{"line":112,"column":4},"end":{"line":112,"column":60}},"62":{"start":{"line":112,"column":34},"end":{"line":112,"column":58}},"63":{"start":{"line":114,"column":4},"end":{"line":114,"column":20}},"64":{"start":{"line":117,"column":2},"end":{"line":121,"column":5}},"65":{"start":{"line":118,"column":17},"end":{"line":118,"column":41}},"66":{"start":{"line":119,"column":17},"end":{"line":119,"column":41}},"67":{"start":{"line":120,"column":4},"end":{"line":120,"column":36}},"68":{"start":{"line":126,"column":2},"end":{"line":135,"column":3}},"69":{"start":{"line":127,"column":4},"end":{"line":133,"column":6}},"70":{"start":{"line":134,"column":4},"end":{"line":134,"column":11}},"71":{"start":{"line":137,"column":2},"end":{"line":159,"column":14}},"72":{"start":{"line":139,"column":16},"end":{"line":139,"column":42}},"73":{"start":{"line":140,"column":16},"end":{"line":140,"column":49}},"74":{"start":{"line":142,"column":8},"end":{"line":142,"column":68}},"75":{"start":{"line":143,"column":20},"end":{"line":143,"column":39}},"76":{"start":{"line":144,"column":6},"end":{"line":157,"column":6}},"77":{"start":{"line":162,"column":0},"end":{"line":167,"column":2}}},"fnMap":{"0":{"name":"resetAdminState","decl":{"start":{"line":14,"column":9},"end":{"line":14,"column":24}},"loc":{"start":{"line":14,"column":27},"end":{"line":17,"column":1}},"line":14},"1":{"name":"initAdmin","decl":{"start":{"line":19,"column":9},"end":{"line":19,"column":18}},"loc":{"start":{"line":19,"column":21},"end":{"line":90,"column":1}},"line":19},"2":{"name":"(anonymous_2)","decl":{"start":{"line":26,"column":41},"end":{"line":26,"column":42}},"loc":{"start":{"line":26,"column":50},"end":{"line":43,"column":3}},"line":26},"3":{"name":"(anonymous_3)","decl":{"start":{"line":27,"column":34},"end":{"line":27,"column":35}},"loc":{"start":{"line":27,"column":40},"end":{"line":42,"column":5}},"line":27},"4":{"name":"(anonymous_4)","decl":{"start":{"line":29,"column":45},"end":{"line":29,"column":46}},"loc":{"start":{"line":30,"column":8},"end":{"line":30,"column":39}},"line":30},"5":{"name":"(anonymous_5)","decl":{"start":{"line":46,"column":45},"end":{"line":46,"column":46}},"loc":{"start":{"line":46,"column":52},"end":{"line":51,"column":3}},"line":46},"6":{"name":"(anonymous_6)","decl":{"start":{"line":49,"column":6},"end":{"line":49,"column":7}},"loc":{"start":{"line":49,"column":15},"end":{"line":49,"column":35}},"line":49},"7":{"name":"(anonymous_7)","decl":{"start":{"line":54,"column":49},"end":{"line":54,"column":50}},"loc":{"start":{"line":54,"column":55},"end":{"line":68,"column":3}},"line":54},"8":{"name":"(anonymous_8)","decl":{"start":{"line":61,"column":41},"end":{"line":61,"column":42}},"loc":{"start":{"line":62,"column":6},"end":{"line":62,"column":60}},"line":62},"9":{"name":"(anonymous_9)","decl":{"start":{"line":74,"column":40},"end":{"line":74,"column":41}},"loc":{"start":{"line":74,"column":46},"end":{"line":76,"column":3}},"line":74},"10":{"name":"(anonymous_10)","decl":{"start":{"line":78,"column":39},"end":{"line":78,"column":40}},"loc":{"start":{"line":78,"column":45},"end":{"line":87,"column":3}},"line":78},"11":{"name":"(anonymous_11)","decl":{"start":{"line":81,"column":43},"end":{"line":81,"column":44}},"loc":{"start":{"line":82,"column":6},"end":{"line":82,"column":37}},"line":82},"12":{"name":"obtenerIdTurnosSeleccionados","decl":{"start":{"line":92,"column":9},"end":{"line":92,"column":37}},"loc":{"start":{"line":92,"column":40},"end":{"line":96,"column":1}},"line":92},"13":{"name":"(anonymous_13)","decl":{"start":{"line":94,"column":4},"end":{"line":94,"column":5}},"loc":{"start":{"line":94,"column":12},"end":{"line":94,"column":25}},"line":94},"14":{"name":"renderizarTablaTurnos","decl":{"start":{"line":98,"column":9},"end":{"line":98,"column":30}},"loc":{"start":{"line":98,"column":33},"end":{"line":160,"column":1}},"line":98},"15":{"name":"(anonymous_15)","decl":{"start":{"line":106,"column":27},"end":{"line":106,"column":28}},"loc":{"start":{"line":106,"column":34},"end":{"line":106,"column":63}},"line":106},"16":{"name":"(anonymous_16)","decl":{"start":{"line":108,"column":27},"end":{"line":108,"column":28}},"loc":{"start":{"line":108,"column":34},"end":{"line":108,"column":56}},"line":108},"17":{"name":"(anonymous_17)","decl":{"start":{"line":110,"column":27},"end":{"line":110,"column":28}},"loc":{"start":{"line":110,"column":34},"end":{"line":110,"column":55}},"line":110},"18":{"name":"(anonymous_18)","decl":{"start":{"line":112,"column":27},"end":{"line":112,"column":28}},"loc":{"start":{"line":112,"column":34},"end":{"line":112,"column":58}},"line":112},"19":{"name":"(anonymous_19)","decl":{"start":{"line":117,"column":27},"end":{"line":117,"column":28}},"loc":{"start":{"line":117,"column":37},"end":{"line":121,"column":3}},"line":117},"20":{"name":"(anonymous_20)","decl":{"start":{"line":138,"column":9},"end":{"line":138,"column":10}},"loc":{"start":{"line":138,"column":16},"end":{"line":158,"column":5}},"line":138}},"branchMap":{"0":{"loc":{"start":{"line":21,"column":2},"end":{"line":24,"column":3}},"type":"if","locations":[{"start":{"line":21,"column":2},"end":{"line":24,"column":3}},{"start":{},"end":{}}],"line":21},"1":{"loc":{"start":{"line":56,"column":4},"end":{"line":59,"column":5}},"type":"if","locations":[{"start":{"line":56,"column":4},"end":{"line":59,"column":5}},{"start":{},"end":{}}],"line":56},"2":{"loc":{"start":{"line":62,"column":6},"end":{"line":62,"column":60}},"type":"cond-expr","locations":[{"start":{"line":62,"column":27},"end":{"line":62,"column":56}},{"start":{"line":62,"column":59},"end":{"line":62,"column":60}}],"line":62},"3":{"loc":{"start":{"line":75,"column":4},"end":{"line":75,"column":69}},"type":"cond-expr","locations":[{"start":{"line":75,"column":27},"end":{"line":75,"column":49}},{"start":{"line":75,"column":52},"end":{"line":75,"column":69}}],"line":75},"4":{"loc":{"start":{"line":105,"column":2},"end":{"line":115,"column":3}},"type":"if","locations":[{"start":{"line":105,"column":2},"end":{"line":115,"column":3}},{"start":{"line":107,"column":9},"end":{"line":115,"column":3}}],"line":105},"5":{"loc":{"start":{"line":107,"column":9},"end":{"line":115,"column":3}},"type":"if","locations":[{"start":{"line":107,"column":9},"end":{"line":115,"column":3}},{"start":{"line":109,"column":9},"end":{"line":115,"column":3}}],"line":107},"6":{"loc":{"start":{"line":109,"column":9},"end":{"line":115,"column":3}},"type":"if","locations":[{"start":{"line":109,"column":9},"end":{"line":115,"column":3}},{"start":{"line":111,"column":9},"end":{"line":115,"column":3}}],"line":109},"7":{"loc":{"start":{"line":111,"column":9},"end":{"line":115,"column":3}},"type":"if","locations":[{"start":{"line":111,"column":9},"end":{"line":115,"column":3}},{"start":{"line":113,"column":9},"end":{"line":115,"column":3}}],"line":111},"8":{"loc":{"start":{"line":126,"column":2},"end":{"line":135,"column":3}},"type":"if","locations":[{"start":{"line":126,"column":2},"end":{"line":135,"column":3}},{"start":{},"end":{}}],"line":126},"9":{"loc":{"start":{"line":142,"column":8},"end":{"line":142,"column":68}},"type":"cond-expr","locations":[{"start":{"line":142,"column":32},"end":{"line":142,"column":47}},{"start":{"line":142,"column":50},"end":{"line":142,"column":68}}],"line":142},"10":{"loc":{"start":{"line":152,"column":14},"end":{"line":152,"column":31}},"type":"cond-expr","locations":[{"start":{"line":152,"column":18},"end":{"line":152,"column":25}},{"start":{"line":152,"column":28},"end":{"line":152,"column":31}}],"line":152},"11":{"loc":{"start":{"line":153,"column":14},"end":{"line":153,"column":30}},"type":"cond-expr","locations":[{"start":{"line":153,"column":18},"end":{"line":153,"column":24}},{"start":{"line":153,"column":27},"end":{"line":153,"column":30}}],"line":153}},"s":{"0":1,"1":1,"2":1,"3":1,"4":1,"5":1,"6":1,"7":7,"8":7,"9":1,"10":6,"11":18,"12":1,"13":3,"14":1,"15":1,"16":1,"17":1,"18":1,"19":6,"20":1,"21":1,"22":2,"23":6,"24":2,"25":2,"26":1,"27":1,"28":1,"29":2,"30":1,"31":1,"32":1,"33":1,"34":6,"35":6,"36":6,"37":0,"38":6,"39":1,"40":1,"41":3,"42":1,"43":1,"44":6,"45":3,"46":3,"47":11,"48":11,"49":11,"50":11,"51":11,"52":1,"53":3,"54":10,"55":4,"56":5,"57":6,"58":6,"59":12,"60":0,"61":0,"62":0,"63":0,"64":11,"65":9,"66":9,"67":9,"68":11,"69":1,"70":1,"71":10,"72":17,"73":17,"74":17,"75":17,"76":17,"77":1},"f":{"0":1,"1":7,"2":18,"3":1,"4":3,"5":1,"6":2,"7":2,"8":2,"9":0,"10":1,"11":3,"12":3,"13":3,"14":11,"15":3,"16":5,"17":12,"18":0,"19":9,"20":17},"b":{"0":[1,6],"1":[1,1],"2":[1,1],"3":[0,0],"4":[1,10],"5":[4,6],"6":[6,0],"7":[0,0],"8":[1,10],"9":[16,1],"10":[17,0],"11":[17,0]},"_coverageSchema":"1a1c01bbd47fc00a2c39e90264f33305004495a9","hash":"3faa1aea7b2390f7e1e4f692529a237896304456"}
,"C:\\Users\\Agustina\\Desktop\\Facultad\\Taller de ingeniería de software\\GitObligatorio\\ObligatorioTIS\\src\\core\\modal.js": {"path":"C:\\Users\\Agustina\\Desktop\\Facultad\\Taller de ingeniería de software\\GitObligatorio\\ObligatorioTIS\\src\\core\\modal.js","statementMap":{"0":{"start":{"line":1,"column":14},"end":{"line":1,"column":34}},"1":{"start":{"line":5,"column":16},"end":{"line":5,"column":27}},"2":{"start":{"line":6,"column":2},"end":{"line":6,"column":37}},"3":{"start":{"line":7,"column":2},"end":{"line":7,"column":33}},"4":{"start":{"line":8,"column":2},"end":{"line":8,"column":45}},"5":{"start":{"line":11,"column":16},"end":{"line":11,"column":27}},"6":{"start":{"line":12,"column":2},"end":{"line":12,"column":36}},"7":{"start":{"line":13,"column":2},"end":{"line":13,"column":44}},"8":{"start":{"line":19,"column":2},"end":{"line":21,"column":5}},"9":{"start":{"line":20,"column":4},"end":{"line":20,"column":61}},"10":{"start":{"line":20,"column":48},"end":{"line":20,"column":61}},"11":{"start":{"line":22,"column":2},"end":{"line":24,"column":5}},"12":{"start":{"line":23,"column":4},"end":{"line":23,"column":41}},"13":{"start":{"line":23,"column":28},"end":{"line":23,"column":41}},"14":{"start":{"line":27,"column":0},"end":{"line":31,"column":2}}},"fnMap":{"0":{"name":"openModal","decl":{"start":{"line":4,"column":9},"end":{"line":4,"column":18}},"loc":{"start":{"line":4,"column":25},"end":{"line":9,"column":1}},"line":4},"1":{"name":"closeModal","decl":{"start":{"line":10,"column":9},"end":{"line":10,"column":19}},"loc":{"start":{"line":10,"column":22},"end":{"line":14,"column":1}},"line":10},"2":{"name":"initModal","decl":{"start":{"line":18,"column":9},"end":{"line":18,"column":18}},"loc":{"start":{"line":18,"column":21},"end":{"line":25,"column":1}},"line":18},"3":{"name":"(anonymous_3)","decl":{"start":{"line":19,"column":37},"end":{"line":19,"column":38}},"loc":{"start":{"line":19,"column":44},"end":{"line":21,"column":3}},"line":19},"4":{"name":"(anonymous_4)","decl":{"start":{"line":22,"column":39},"end":{"line":22,"column":40}},"loc":{"start":{"line":22,"column":46},"end":{"line":24,"column":3}},"line":22}},"branchMap":{"0":{"loc":{"start":{"line":20,"column":4},"end":{"line":20,"column":61}},"type":"if","locations":[{"start":{"line":20,"column":4},"end":{"line":20,"column":61}},{"start":{},"end":{}}],"line":20},"1":{"loc":{"start":{"line":23,"column":4},"end":{"line":23,"column":41}},"type":"if","locations":[{"start":{"line":23,"column":4},"end":{"line":23,"column":41}},{"start":{},"end":{}}],"line":23}},"s":{"0":1,"1":6,"2":6,"3":6,"4":6,"5":4,"6":4,"7":4,"8":4,"9":4,"10":1,"11":4,"12":6,"13":2,"14":1},"f":{"0":6,"1":4,"2":4,"3":4,"4":6},"b":{"0":[1,3],"1":[2,4]},"_coverageSchema":"1a1c01bbd47fc00a2c39e90264f33305004495a9","hash":"d0cced997782696c1909059ac89d935d3a3eff03"}
,"C:\\Users\\Agustina\\Desktop\\Facultad\\Taller de ingeniería de software\\GitObligatorio\\ObligatorioTIS\\src\\core\\servicios.js": {"path":"C:\\Users\\Agustina\\Desktop\\Facultad\\Taller de ingeniería de software\\GitObligatorio\\ObligatorioTIS\\src\\core\\servicios.js","statementMap":{"0":{"start":{"line":1,"column":14},"end":{"line":1,"column":34}},"1":{"start":{"line":2,"column":22},"end":{"line":2,"column":45}},"2":{"start":{"line":5,"column":2},"end":{"line":5,"column":44}},"3":{"start":{"line":5,"column":31},"end":{"line":5,"column":42}},"4":{"start":{"line":10,"column":15},"end":{"line":10,"column":33}},"5":{"start":{"line":12,"column":2},"end":{"line":48,"column":14}},"6":{"start":{"line":15,"column":8},"end":{"line":17,"column":180}},"7":{"start":{"line":20,"column":8},"end":{"line":22,"column":41}},"8":{"start":{"line":24,"column":6},"end":{"line":46,"column":8}},"9":{"start":{"line":51,"column":0},"end":{"line":54,"column":2}}},"fnMap":{"0":{"name":"servicioPorId","decl":{"start":{"line":4,"column":9},"end":{"line":4,"column":22}},"loc":{"start":{"line":4,"column":27},"end":{"line":6,"column":1}},"line":4},"1":{"name":"(anonymous_1)","decl":{"start":{"line":5,"column":24},"end":{"line":5,"column":25}},"loc":{"start":{"line":5,"column":31},"end":{"line":5,"column":42}},"line":5},"2":{"name":"cargarServicios","decl":{"start":{"line":9,"column":9},"end":{"line":9,"column":24}},"loc":{"start":{"line":9,"column":27},"end":{"line":49,"column":1}},"line":9},"3":{"name":"(anonymous_3)","decl":{"start":{"line":13,"column":9},"end":{"line":13,"column":10}},"loc":{"start":{"line":13,"column":16},"end":{"line":47,"column":5}},"line":13}},"branchMap":{"0":{"loc":{"start":{"line":15,"column":8},"end":{"line":17,"column":180}},"type":"cond-expr","locations":[{"start":{"line":16,"column":12},"end":{"line":16,"column":179}},{"start":{"line":17,"column":12},"end":{"line":17,"column":180}}],"line":15},"1":{"loc":{"start":{"line":20,"column":8},"end":{"line":22,"column":41}},"type":"cond-expr","locations":[{"start":{"line":21,"column":12},"end":{"line":21,"column":43}},{"start":{"line":22,"column":12},"end":{"line":22,"column":41}}],"line":20},"2":{"loc":{"start":{"line":32,"column":36},"end":{"line":32,"column":82}},"type":"cond-expr","locations":[{"start":{"line":32,"column":57},"end":{"line":32,"column":64}},{"start":{"line":32,"column":67},"end":{"line":32,"column":82}}],"line":32},"3":{"loc":{"start":{"line":39,"column":14},"end":{"line":41,"column":46}},"type":"cond-expr","locations":[{"start":{"line":40,"column":18},"end":{"line":40,"column":41}},{"start":{"line":41,"column":18},"end":{"line":41,"column":46}}],"line":39}},"s":{"0":1,"1":1,"2":1,"3":1,"4":3,"5":3,"6":6,"7":6,"8":6,"9":1},"f":{"0":1,"1":1,"2":3,"3":6},"b":{"0":[3,3],"1":[3,3],"2":[3,3],"3":[3,3]},"_coverageSchema":"1a1c01bbd47fc00a2c39e90264f33305004495a9","hash":"fc2ee43b8792f53493cd79217fa3ff74e705176e"}
,"C:\\Users\\Agustina\\Desktop\\Facultad\\Taller de ingeniería de software\\GitObligatorio\\ObligatorioTIS\\src\\core\\sesion.js": {"path":"C:\\Users\\Agustina\\Desktop\\Facultad\\Taller de ingeniería de software\\GitObligatorio\\ObligatorioTIS\\src\\core\\sesion.js","statementMap":{"0":{"start":{"line":1,"column":20},"end":{"line":1,"column":43}},"1":{"start":{"line":2,"column":42},"end":{"line":2,"column":62}},"2":{"start":{"line":5,"column":15},"end":{"line":5,"column":27}},"3":{"start":{"line":6,"column":2},"end":{"line":6,"column":45}},"4":{"start":{"line":10,"column":2},"end":{"line":12,"column":5}},"5":{"start":{"line":16,"column":2},"end":{"line":16,"column":69}},"6":{"start":{"line":19,"column":2},"end":{"line":19,"column":33}},"7":{"start":{"line":20,"column":2},"end":{"line":20,"column":23}},"8":{"start":{"line":24,"column":15},"end":{"line":24,"column":27}},"9":{"start":{"line":27,"column":16},"end":{"line":27,"column":34}},"10":{"start":{"line":28,"column":2},"end":{"line":30,"column":3}},"11":{"start":{"line":29,"column":4},"end":{"line":29,"column":73}},"12":{"start":{"line":31,"column":21},"end":{"line":31,"column":37}},"13":{"start":{"line":34,"column":20},"end":{"line":34,"column":35}},"14":{"start":{"line":35,"column":2},"end":{"line":38,"column":3}},"15":{"start":{"line":36,"column":4},"end":{"line":36,"column":35}},"16":{"start":{"line":37,"column":4},"end":{"line":37,"column":55}},"17":{"start":{"line":41,"column":20},"end":{"line":41,"column":35}},"18":{"start":{"line":42,"column":2},"end":{"line":45,"column":3}},"19":{"start":{"line":43,"column":4},"end":{"line":43,"column":35}},"20":{"start":{"line":44,"column":4},"end":{"line":44,"column":55}},"21":{"start":{"line":47,"column":26},"end":{"line":47,"column":47}},"22":{"start":{"line":48,"column":2},"end":{"line":51,"column":3}},"23":{"start":{"line":49,"column":4},"end":{"line":49,"column":41}},"24":{"start":{"line":50,"column":4},"end":{"line":50,"column":61}},"25":{"start":{"line":55,"column":2},"end":{"line":55,"column":23}},"26":{"start":{"line":58,"column":20},"end":{"line":58,"column":35}},"27":{"start":{"line":59,"column":2},"end":{"line":83,"column":3}},"28":{"start":{"line":60,"column":4},"end":{"line":82,"column":7}},"29":{"start":{"line":61,"column":6},"end":{"line":61,"column":25}},"30":{"start":{"line":62,"column":23},"end":{"line":62,"column":49}},"31":{"start":{"line":63,"column":23},"end":{"line":63,"column":42}},"32":{"start":{"line":65,"column":20},"end":{"line":65,"column":30}},"33":{"start":{"line":66,"column":20},"end":{"line":70,"column":7}},"34":{"start":{"line":68,"column":10},"end":{"line":69,"column":33}},"35":{"start":{"line":72,"column":6},"end":{"line":75,"column":7}},"36":{"start":{"line":73,"column":8},"end":{"line":73,"column":47}},"37":{"start":{"line":74,"column":8},"end":{"line":74,"column":15}},"38":{"start":{"line":77,"column":6},"end":{"line":77,"column":73}},"39":{"start":{"line":79,"column":6},"end":{"line":79,"column":24}},"40":{"start":{"line":80,"column":6},"end":{"line":80,"column":37}},"41":{"start":{"line":81,"column":6},"end":{"line":81,"column":32}},"42":{"start":{"line":86,"column":20},"end":{"line":86,"column":35}},"43":{"start":{"line":87,"column":2},"end":{"line":94,"column":3}},"44":{"start":{"line":88,"column":4},"end":{"line":93,"column":7}},"45":{"start":{"line":89,"column":6},"end":{"line":89,"column":53}},"46":{"start":{"line":90,"column":6},"end":{"line":90,"column":39}},"47":{"start":{"line":90,"column":21},"end":{"line":90,"column":39}},"48":{"start":{"line":91,"column":6},"end":{"line":91,"column":35}},"49":{"start":{"line":92,"column":6},"end":{"line":92,"column":32}},"50":{"start":{"line":98,"column":0},"end":{"line":105,"column":2}}},"fnMap":{"0":{"name":"isAdmin","decl":{"start":{"line":4,"column":9},"end":{"line":4,"column":16}},"loc":{"start":{"line":4,"column":19},"end":{"line":7,"column":1}},"line":4},"1":{"name":"getUsers","decl":{"start":{"line":9,"column":9},"end":{"line":9,"column":17}},"loc":{"start":{"line":9,"column":20},"end":{"line":13,"column":1}},"line":9},"2":{"name":"getSession","decl":{"start":{"line":15,"column":9},"end":{"line":15,"column":19}},"loc":{"start":{"line":15,"column":22},"end":{"line":17,"column":1}},"line":15},"3":{"name":"setSession","decl":{"start":{"line":18,"column":9},"end":{"line":18,"column":19}},"loc":{"start":{"line":18,"column":26},"end":{"line":21,"column":1}},"line":18},"4":{"name":"updateSessionLabel","decl":{"start":{"line":23,"column":9},"end":{"line":23,"column":27}},"loc":{"start":{"line":23,"column":30},"end":{"line":52,"column":1}},"line":23},"5":{"name":"initAuth","decl":{"start":{"line":54,"column":9},"end":{"line":54,"column":17}},"loc":{"start":{"line":54,"column":20},"end":{"line":96,"column":1}},"line":54},"6":{"name":"(anonymous_6)","decl":{"start":{"line":60,"column":41},"end":{"line":60,"column":42}},"loc":{"start":{"line":60,"column":48},"end":{"line":82,"column":5}},"line":60},"7":{"name":"(anonymous_7)","decl":{"start":{"line":67,"column":8},"end":{"line":67,"column":9}},"loc":{"start":{"line":68,"column":10},"end":{"line":69,"column":33}},"line":68},"8":{"name":"(anonymous_8)","decl":{"start":{"line":88,"column":40},"end":{"line":88,"column":41}},"loc":{"start":{"line":88,"column":46},"end":{"line":93,"column":5}},"line":88}},"branchMap":{"0":{"loc":{"start":{"line":6,"column":9},"end":{"line":6,"column":44}},"type":"binary-expr","locations":[{"start":{"line":6,"column":9},"end":{"line":6,"column":25}},{"start":{"line":6,"column":29},"end":{"line":6,"column":44}}],"line":6},"1":{"loc":{"start":{"line":28,"column":2},"end":{"line":30,"column":3}},"type":"if","locations":[{"start":{"line":28,"column":2},"end":{"line":30,"column":3}},{"start":{},"end":{}}],"line":28},"2":{"loc":{"start":{"line":29,"column":24},"end":{"line":29,"column":72}},"type":"cond-expr","locations":[{"start":{"line":29,"column":41},"end":{"line":29,"column":59}},{"start":{"line":29,"column":62},"end":{"line":29,"column":72}}],"line":29},"3":{"loc":{"start":{"line":35,"column":2},"end":{"line":38,"column":3}},"type":"if","locations":[{"start":{"line":35,"column":2},"end":{"line":38,"column":3}},{"start":{},"end":{}}],"line":35},"4":{"loc":{"start":{"line":37,"column":30},"end":{"line":37,"column":54}},"type":"cond-expr","locations":[{"start":{"line":37,"column":43},"end":{"line":37,"column":45}},{"start":{"line":37,"column":48},"end":{"line":37,"column":54}}],"line":37},"5":{"loc":{"start":{"line":42,"column":2},"end":{"line":45,"column":3}},"type":"if","locations":[{"start":{"line":42,"column":2},"end":{"line":45,"column":3}},{"start":{},"end":{}}],"line":42},"6":{"loc":{"start":{"line":44,"column":30},"end":{"line":44,"column":54}},"type":"cond-expr","locations":[{"start":{"line":44,"column":43},"end":{"line":44,"column":45}},{"start":{"line":44,"column":48},"end":{"line":44,"column":54}}],"line":44},"7":{"loc":{"start":{"line":48,"column":2},"end":{"line":51,"column":3}},"type":"if","locations":[{"start":{"line":48,"column":2},"end":{"line":51,"column":3}},{"start":{},"end":{}}],"line":48},"8":{"loc":{"start":{"line":50,"column":36},"end":{"line":50,"column":60}},"type":"cond-expr","locations":[{"start":{"line":50,"column":49},"end":{"line":50,"column":51}},{"start":{"line":50,"column":54},"end":{"line":50,"column":60}}],"line":50},"9":{"loc":{"start":{"line":59,"column":2},"end":{"line":83,"column":3}},"type":"if","locations":[{"start":{"line":59,"column":2},"end":{"line":83,"column":3}},{"start":{},"end":{}}],"line":59},"10":{"loc":{"start":{"line":68,"column":10},"end":{"line":69,"column":33}},"type":"binary-expr","locations":[{"start":{"line":68,"column":10},"end":{"line":68,"column":61}},{"start":{"line":69,"column":10},"end":{"line":69,"column":33}}],"line":68},"11":{"loc":{"start":{"line":72,"column":6},"end":{"line":75,"column":7}},"type":"if","locations":[{"start":{"line":72,"column":6},"end":{"line":75,"column":7}},{"start":{},"end":{}}],"line":72},"12":{"loc":{"start":{"line":87,"column":2},"end":{"line":94,"column":3}},"type":"if","locations":[{"start":{"line":87,"column":2},"end":{"line":94,"column":3}},{"start":{},"end":{}}],"line":87},"13":{"loc":{"start":{"line":90,"column":6},"end":{"line":90,"column":39}},"type":"if","locations":[{"start":{"line":90,"column":6},"end":{"line":90,"column":39}},{"start":{},"end":{}}],"line":90}},"s":{"0":1,"1":1,"2":2,"3":2,"4":4,"5":16,"6":5,"7":5,"8":13,"9":13,"10":13,"11":13,"12":13,"13":13,"14":13,"15":13,"16":13,"17":13,"18":13,"19":13,"20":13,"21":13,"22":13,"23":13,"24":13,"25":5,"26":5,"27":5,"28":5,"29":3,"30":3,"31":3,"32":3,"33":3,"34":3,"35":3,"36":1,"37":1,"38":2,"39":2,"40":2,"41":2,"42":5,"43":5,"44":5,"45":2,"46":2,"47":2,"48":2,"49":2,"50":1},"f":{"0":2,"1":4,"2":16,"3":5,"4":13,"5":5,"6":3,"7":3,"8":2},"b":{"0":[2,1],"1":[13,0],"2":[5,8],"3":[13,0],"4":[5,8],"5":[13,0],"6":[5,8],"7":[13,0],"8":[5,8],"9":[5,0],"10":[3,3],"11":[1,2],"12":[5,0],"13":[2,0]},"_coverageSchema":"1a1c01bbd47fc00a2c39e90264f33305004495a9","hash":"65e0fa7a5a332b6cb5754f7e6aacd8e0027542b6"}
,"C:\\Users\\Agustina\\Desktop\\Facultad\\Taller de ingeniería de software\\GitObligatorio\\ObligatorioTIS\\src\\core\\turno.js": {"path":"C:\\Users\\Agustina\\Desktop\\Facultad\\Taller de ingeniería de software\\GitObligatorio\\ObligatorioTIS\\src\\core\\turno.js","statementMap":{"0":{"start":{"line":1,"column":46},"end":{"line":1,"column":69}},"1":{"start":{"line":2,"column":43},"end":{"line":2,"column":63}},"2":{"start":{"line":5,"column":2},"end":{"line":5,"column":44}},"3":{"start":{"line":5,"column":31},"end":{"line":5,"column":42}},"4":{"start":{"line":9,"column":2},"end":{"line":9,"column":48}},"5":{"start":{"line":9,"column":35},"end":{"line":9,"column":46}},"6":{"start":{"line":13,"column":2},"end":{"line":13,"column":34}},"7":{"start":{"line":20,"column":2},"end":{"line":44,"column":5}},"8":{"start":{"line":54,"column":12},"end":{"line":54,"column":43}},"9":{"start":{"line":55,"column":14},"end":{"line":55,"column":24}},"10":{"start":{"line":56,"column":2},"end":{"line":56,"column":30}},"11":{"start":{"line":56,"column":17},"end":{"line":56,"column":30}},"12":{"start":{"line":58,"column":19},"end":{"line":58,"column":46}},"13":{"start":{"line":59,"column":18},"end":{"line":59,"column":30}},"14":{"start":{"line":61,"column":15},"end":{"line":61,"column":21}},"15":{"start":{"line":62,"column":16},"end":{"line":62,"column":50}},"16":{"start":{"line":65,"column":2},"end":{"line":65,"column":59}},"17":{"start":{"line":68,"column":0},"end":{"line":74,"column":2}}},"fnMap":{"0":{"name":"servicioPorId","decl":{"start":{"line":4,"column":9},"end":{"line":4,"column":22}},"loc":{"start":{"line":4,"column":27},"end":{"line":6,"column":1}},"line":4},"1":{"name":"(anonymous_1)","decl":{"start":{"line":5,"column":24},"end":{"line":5,"column":25}},"loc":{"start":{"line":5,"column":31},"end":{"line":5,"column":42}},"line":5},"2":{"name":"profesionalPorId","decl":{"start":{"line":8,"column":9},"end":{"line":8,"column":25}},"loc":{"start":{"line":8,"column":30},"end":{"line":10,"column":1}},"line":8},"3":{"name":"(anonymous_3)","decl":{"start":{"line":9,"column":28},"end":{"line":9,"column":29}},"loc":{"start":{"line":9,"column":35},"end":{"line":9,"column":46}},"line":9},"4":{"name":"actualizarTurnos","decl":{"start":{"line":12,"column":9},"end":{"line":12,"column":25}},"loc":{"start":{"line":12,"column":32},"end":{"line":14,"column":1}},"line":12},"5":{"name":"obtenerTurnos","decl":{"start":{"line":17,"column":9},"end":{"line":17,"column":22}},"loc":{"start":{"line":17,"column":25},"end":{"line":45,"column":1}},"line":17},"6":{"name":"estaDentroHorarioAtencion","decl":{"start":{"line":53,"column":9},"end":{"line":53,"column":34}},"loc":{"start":{"line":53,"column":63},"end":{"line":66,"column":1}},"line":53}},"branchMap":{"0":{"loc":{"start":{"line":56,"column":2},"end":{"line":56,"column":30}},"type":"if","locations":[{"start":{"line":56,"column":2},"end":{"line":56,"column":30}},{"start":{},"end":{}}],"line":56},"1":{"loc":{"start":{"line":62,"column":16},"end":{"line":62,"column":50}},"type":"cond-expr","locations":[{"start":{"line":62,"column":28},"end":{"line":62,"column":40}},{"start":{"line":62,"column":43},"end":{"line":62,"column":50}}],"line":62},"2":{"loc":{"start":{"line":65,"column":9},"end":{"line":65,"column":58}},"type":"binary-expr","locations":[{"start":{"line":65,"column":9},"end":{"line":65,"column":24}},{"start":{"line":65,"column":28},"end":{"line":65,"column":58}}],"line":65}},"s":{"0":1,"1":1,"2":1,"3":1,"4":1,"5":1,"6":1,"7":1,"8":5,"9":5,"10":5,"11":1,"12":4,"13":4,"14":4,"15":4,"16":4,"17":1},"f":{"0":1,"1":1,"2":1,"3":1,"4":1,"5":1,"6":5},"b":{"0":[1,4],"1":[2,2],"2":[4,4]},"_coverageSchema":"1a1c01bbd47fc00a2c39e90264f33305004495a9","hash":"ef846e544595dd483a820a7ff358bea04c6784a8"}
}
