{"/Users/Diego/Desktop/ort/analista programador/talleres/ingenieria de software/gitTIS/ObligatorioTIS/src/core/constantes.js": {"path":"/Users/Diego/Desktop/ort/analista programador/talleres/ingenieria de software/gitTIS/ObligatorioTIS/src/core/constantes.js","statementMap":{"0":{"start":{"line":1,"column":16},"end":{"line":5,"column":1}},"1":{"start":{"line":8,"column":18},"end":{"line":24,"column":1}},"2":{"start":{"line":26,"column":22},"end":{"line":84,"column":1}},"3":{"start":{"line":87,"column":22},"end":{"line":112,"column":1}},"4":{"start":{"line":114,"column":0},"end":{"line":119,"column":1}}},"fnMap":{},"branchMap":{},"s":{"0":4,"1":4,"2":4,"3":4,"4":4},"f":{},"b":{},"_coverageSchema":"1a1c01bbd47fc00a2c39e90264f33305004495a9","hash":"de7f0c043e295c4c9b9193c463e96511e6d28d28"}
,"/Users/Diego/Desktop/ort/analista programador/talleres/ingenieria de software/gitTIS/ObligatorioTIS/src/core/equipo.js": {"path":"/Users/Diego/Desktop/ort/analista programador/talleres/ingenieria de software/gitTIS/ObligatorioTIS/src/core/equipo.js","statementMap":{"0":{"start":{"line":1,"column":14},"end":{"line":1,"column":34}},"1":{"start":{"line":2,"column":26},"end":{"line":2,"column":49}},"2":{"start":{"line":5,"column":2},"end":{"line":5,"column":48}},"3":{"start":{"line":5,"column":35},"end":{"line":5,"column":46}},"4":{"start":{"line":10,"column":15},"end":{"line":10,"column":29}},"5":{"start":{"line":11,"column":2},"end":{"line":32,"column":14}},"6":{"start":{"line":13,"column":13},"end":{"line":30,"column":3}},"7":{"start":{"line":35,"column":0},"end":{"line":38,"column":2}}},"fnMap":{"0":{"name":"profesionalPorId","decl":{"start":{"line":4,"column":9},"end":{"line":4,"column":25}},"loc":{"start":{"line":4,"column":30},"end":{"line":6,"column":1}},"line":4},"1":{"name":"(anonymous_1)","decl":{"start":{"line":5,"column":28},"end":{"line":5,"column":29}},"loc":{"start":{"line":5,"column":35},"end":{"line":5,"column":46}},"line":5},"2":{"name":"cargarEquipo","decl":{"start":{"line":9,"column":9},"end":{"line":9,"column":21}},"loc":{"start":{"line":9,"column":24},"end":{"line":33,"column":1}},"line":9},"3":{"name":"(anonymous_3)","decl":{"start":{"line":13,"column":6},"end":{"line":13,"column":7}},"loc":{"start":{"line":13,"column":13},"end":{"line":30,"column":3}},"line":13}},"branchMap":{"0":{"loc":{"start":{"line":17,"column":22},"end":{"line":17,"column":35}},"type":"binary-expr","locations":[{"start":{"line":17,"column":22},"end":{"line":17,"column":29}},{"start":{"line":17,"column":33},"end":{"line":17,"column":35}}],"line":17},"1":{"loc":{"start":{"line":22,"column":14},"end":{"line":22,"column":66}},"type":"cond-expr","locations":[{"start":{"line":22,"column":35},"end":{"line":22,"column":48}},{"start":{"line":22,"column":51},"end":{"line":22,"column":66}}],"line":22},"2":{"loc":{"start":{"line":23,"column":14},"end":{"line":23,"column":52}},"type":"cond-expr","locations":[{"start":{"line":23,"column":28},"end":{"line":23,"column":47}},{"start":{"line":23,"column":50},"end":{"line":23,"column":52}}],"line":23},"3":{"loc":{"start":{"line":28,"column":26},"end":{"line":28,"column":97}},"type":"cond-expr","locations":[{"start":{"line":28,"column":47},"end":{"line":28,"column":69}},{"start":{"line":28,"column":72},"end":{"line":28,"column":97}}],"line":28}},"s":{"0":1,"1":1,"2":1,"3":1,"4":5,"5":5,"6":30,"7":1},"f":{"0":1,"1":1,"2":5,"3":30},"b":{"0":[30,0],"1":[15,15],"2":[15,15],"3":[15,15]},"_coverageSchema":"1a1c01bbd47fc00a2c39e90264f33305004495a9","hash":"128985acc65aaca99019a0088b20ffd9b0499e53"}
,"/Users/Diego/Desktop/ort/analista programador/talleres/ingenieria de software/gitTIS/ObligatorioTIS/src/core/galeria.js": {"path":"/Users/Diego/Desktop/ort/analista programador/talleres/ingenieria de software/gitTIS/ObligatorioTIS/src/core/galeria.js","statementMap":{"0":{"start":{"line":1,"column":18},"end":{"line":1,"column":38}},"1":{"start":{"line":2,"column":26},"end":{"line":2,"column":49}},"2":{"start":{"line":6,"column":16},"end":{"line":6,"column":35}},"3":{"start":{"line":7,"column":19},"end":{"line":7,"column":37}},"4":{"start":{"line":8,"column":15},"end":{"line":8,"column":30}},"5":{"start":{"line":9,"column":15},"end":{"line":9,"column":30}},"6":{"start":{"line":12,"column":2},"end":{"line":20,"column":14}},"7":{"start":{"line":14,"column":16},"end":{"line":18,"column":3}},"8":{"start":{"line":23,"column":2},"end":{"line":30,"column":5}},"9":{"start":{"line":24,"column":14},"end":{"line":24,"column":30}},"10":{"start":{"line":25,"column":4},"end":{"line":25,"column":50}},"11":{"start":{"line":27,"column":16},"end":{"line":27,"column":27}},"12":{"start":{"line":28,"column":4},"end":{"line":28,"column":70}},"13":{"start":{"line":28,"column":24},"end":{"line":28,"column":68}},"14":{"start":{"line":29,"column":4},"end":{"line":29,"column":20}},"15":{"start":{"line":33,"column":2},"end":{"line":35,"column":14}},"16":{"start":{"line":34,"column":19},"end":{"line":34,"column":62}},"17":{"start":{"line":36,"column":15},"end":{"line":36,"column":39}},"18":{"start":{"line":38,"column":14},"end":{"line":38,"column":15}},"19":{"start":{"line":47,"column":4},"end":{"line":47,"column":62}},"20":{"start":{"line":48,"column":4},"end":{"line":48,"column":59}},"21":{"start":{"line":49,"column":4},"end":{"line":49,"column":57}},"22":{"start":{"line":49,"column":24},"end":{"line":49,"column":55}},"23":{"start":{"line":50,"column":4},"end":{"line":50,"column":44}},"24":{"start":{"line":53,"column":2},"end":{"line":56,"column":5}},"25":{"start":{"line":54,"column":4},"end":{"line":54,"column":18}},"26":{"start":{"line":55,"column":4},"end":{"line":55,"column":16}},"27":{"start":{"line":57,"column":2},"end":{"line":60,"column":5}},"28":{"start":{"line":58,"column":4},"end":{"line":58,"column":18}},"29":{"start":{"line":59,"column":4},"end":{"line":59,"column":16}},"30":{"start":{"line":61,"column":2},"end":{"line":66,"column":4}},"31":{"start":{"line":62,"column":4},"end":{"line":65,"column":6}},"32":{"start":{"line":63,"column":6},"end":{"line":63,"column":32}},"33":{"start":{"line":64,"column":6},"end":{"line":64,"column":18}},"34":{"start":{"line":68,"column":2},"end":{"line":68,"column":8}},"35":{"start":{"line":72,"column":14},"end":{"line":72,"column":18}},"36":{"start":{"line":74,"column":4},"end":{"line":74,"column":51}},"37":{"start":{"line":74,"column":30},"end":{"line":74,"column":43}},"38":{"start":{"line":77,"column":4},"end":{"line":77,"column":25}},"39":{"start":{"line":78,"column":4},"end":{"line":78,"column":11}},"40":{"start":{"line":80,"column":2},"end":{"line":80,"column":9}},"41":{"start":{"line":83,"column":0},"end":{"line":83,"column":35}}},"fnMap":{"0":{"name":"cargarGaleria","decl":{"start":{"line":5,"column":9},"end":{"line":5,"column":22}},"loc":{"start":{"line":5,"column":25},"end":{"line":81,"column":1}},"line":5},"1":{"name":"(anonymous_1)","decl":{"start":{"line":14,"column":6},"end":{"line":14,"column":7}},"loc":{"start":{"line":14,"column":16},"end":{"line":18,"column":3}},"line":14},"2":{"name":"(anonymous_2)","decl":{"start":{"line":23,"column":23},"end":{"line":23,"column":24}},"loc":{"start":{"line":23,"column":34},"end":{"line":30,"column":3}},"line":23},"3":{"name":"(anonymous_3)","decl":{"start":{"line":28,"column":17},"end":{"line":28,"column":18}},"loc":{"start":{"line":28,"column":24},"end":{"line":28,"column":68}},"line":28},"4":{"name":"(anonymous_4)","decl":{"start":{"line":34,"column":9},"end":{"line":34,"column":10}},"loc":{"start":{"line":34,"column":19},"end":{"line":34,"column":62}},"line":34},"5":{"name":"go","decl":{"start":{"line":46,"column":11},"end":{"line":46,"column":13}},"loc":{"start":{"line":46,"column":17},"end":{"line":51,"column":3}},"line":46},"6":{"name":"(anonymous_6)","decl":{"start":{"line":49,"column":17},"end":{"line":49,"column":18}},"loc":{"start":{"line":49,"column":24},"end":{"line":49,"column":55}},"line":49},"7":{"name":"(anonymous_7)","decl":{"start":{"line":53,"column":33},"end":{"line":53,"column":34}},"loc":{"start":{"line":53,"column":39},"end":{"line":56,"column":3}},"line":53},"8":{"name":"(anonymous_8)","decl":{"start":{"line":57,"column":33},"end":{"line":57,"column":34}},"loc":{"start":{"line":57,"column":39},"end":{"line":60,"column":3}},"line":57},"9":{"name":"(anonymous_9)","decl":{"start":{"line":61,"column":15},"end":{"line":61,"column":16}},"loc":{"start":{"line":62,"column":4},"end":{"line":65,"column":6}},"line":62},"10":{"name":"(anonymous_10)","decl":{"start":{"line":62,"column":32},"end":{"line":62,"column":33}},"loc":{"start":{"line":62,"column":38},"end":{"line":65,"column":5}},"line":62},"11":{"name":"auto","decl":{"start":{"line":73,"column":11},"end":{"line":73,"column":15}},"loc":{"start":{"line":73,"column":18},"end":{"line":75,"column":3}},"line":73},"12":{"name":"(anonymous_12)","decl":{"start":{"line":74,"column":24},"end":{"line":74,"column":25}},"loc":{"start":{"line":74,"column":30},"end":{"line":74,"column":43}},"line":74},"13":{"name":"resetAuto","decl":{"start":{"line":76,"column":11},"end":{"line":76,"column":20}},"loc":{"start":{"line":76,"column":23},"end":{"line":79,"column":3}},"line":76}},"branchMap":{},"s":{"0":1,"1":1,"2":5,"3":5,"4":5,"5":5,"6":5,"7":20,"8":5,"9":20,"10":20,"11":20,"12":20,"13":0,"14":20,"15":5,"16":20,"17":5,"18":5,"19":7,"20":7,"21":7,"22":28,"23":7,"24":5,"25":1,"26":1,"27":5,"28":1,"29":1,"30":5,"31":20,"32":0,"33":0,"34":5,"35":5,"36":7,"37":0,"38":2,"39":2,"40":5,"41":1},"f":{"0":5,"1":20,"2":20,"3":0,"4":20,"5":7,"6":28,"7":1,"8":1,"9":20,"10":0,"11":7,"12":0,"13":2},"b":{},"_coverageSchema":"1a1c01bbd47fc00a2c39e90264f33305004495a9","hash":"aaac7eaa4b2727f766e7b1b658ef2e93121c44d3"}
,"/Users/Diego/Desktop/ort/analista programador/talleres/ingenieria de software/gitTIS/ObligatorioTIS/src/core/helpers.js": {"path":"/Users/Diego/Desktop/ort/analista programador/talleres/ingenieria de software/gitTIS/ObligatorioTIS/src/core/helpers.js","statementMap":{"0":{"start":{"line":5,"column":10},"end":{"line":5,"column":46}},"1":{"start":{"line":5,"column":19},"end":{"line":5,"column":46}},"2":{"start":{"line":6,"column":11},"end":{"line":6,"column":50}},"3":{"start":{"line":6,"column":20},"end":{"line":6,"column":50}},"4":{"start":{"line":13,"column":2},"end":{"line":18,"column":3}},"5":{"start":{"line":14,"column":16},"end":{"line":14,"column":41}},"6":{"start":{"line":15,"column":4},"end":{"line":15,"column":44}},"7":{"start":{"line":17,"column":4},"end":{"line":17,"column":20}},"8":{"start":{"line":21,"column":2},"end":{"line":21,"column":51}},"9":{"start":{"line":26,"column":2},"end":{"line":26,"column":36}},"10":{"start":{"line":30,"column":12},"end":{"line":30,"column":27}},"11":{"start":{"line":31,"column":12},"end":{"line":31,"column":34}},"12":{"start":{"line":32,"column":14},"end":{"line":32,"column":31}},"13":{"start":{"line":33,"column":2},"end":{"line":33,"column":28}},"14":{"start":{"line":39,"column":16},"end":{"line":39,"column":27}},"15":{"start":{"line":40,"column":2},"end":{"line":40,"column":26}},"16":{"start":{"line":41,"column":2},"end":{"line":41,"column":33}},"17":{"start":{"line":42,"column":2},"end":{"line":42,"column":29}},"18":{"start":{"line":43,"column":2},"end":{"line":43,"column":75}},"19":{"start":{"line":43,"column":34},"end":{"line":43,"column":67}},"20":{"start":{"line":46,"column":0},"end":{"line":54,"column":2}}},"fnMap":{"0":{"name":"(anonymous_0)","decl":{"start":{"line":5,"column":10},"end":{"line":5,"column":11}},"loc":{"start":{"line":5,"column":19},"end":{"line":5,"column":46}},"line":5},"1":{"name":"(anonymous_1)","decl":{"start":{"line":6,"column":11},"end":{"line":6,"column":12}},"loc":{"start":{"line":6,"column":20},"end":{"line":6,"column":50}},"line":6},"2":{"name":"readLS","decl":{"start":{"line":12,"column":9},"end":{"line":12,"column":15}},"loc":{"start":{"line":12,"column":31},"end":{"line":19,"column":1}},"line":12},"3":{"name":"writeLS","decl":{"start":{"line":20,"column":9},"end":{"line":20,"column":16}},"loc":{"start":{"line":20,"column":29},"end":{"line":22,"column":1}},"line":20},"4":{"name":"pad2","decl":{"start":{"line":25,"column":9},"end":{"line":25,"column":13}},"loc":{"start":{"line":25,"column":17},"end":{"line":27,"column":1}},"line":25},"5":{"name":"formatDateISO","decl":{"start":{"line":29,"column":9},"end":{"line":29,"column":22}},"loc":{"start":{"line":29,"column":26},"end":{"line":34,"column":1}},"line":29},"6":{"name":"showToast","decl":{"start":{"line":38,"column":9},"end":{"line":38,"column":18}},"loc":{"start":{"line":38,"column":24},"end":{"line":44,"column":1}},"line":38},"7":{"name":"(anonymous_7)","decl":{"start":{"line":43,"column":28},"end":{"line":43,"column":29}},"loc":{"start":{"line":43,"column":34},"end":{"line":43,"column":67}},"line":43}},"branchMap":{"0":{"loc":{"start":{"line":15,"column":11},"end":{"line":15,"column":43}},"type":"cond-expr","locations":[{"start":{"line":15,"column":17},"end":{"line":15,"column":32}},{"start":{"line":15,"column":35},"end":{"line":15,"column":43}}],"line":15}},"s":{"0":4,"1":32,"2":4,"3":11,"4":3,"5":3,"6":3,"7":1,"8":1,"9":6,"10":1,"11":1,"12":1,"13":1,"14":3,"15":3,"16":3,"17":3,"18":3,"19":2,"20":4},"f":{"0":32,"1":11,"2":3,"3":1,"4":6,"5":1,"6":3,"7":2},"b":{"0":[2,1]},"_coverageSchema":"1a1c01bbd47fc00a2c39e90264f33305004495a9","hash":"b755d8ae7466c6582755273a38194f9259dfda30"}
,"/Users/Diego/Desktop/ort/analista programador/talleres/ingenieria de software/gitTIS/ObligatorioTIS/src/core/listado.js": {"path":"/Users/Diego/Desktop/ort/analista programador/talleres/ingenieria de software/gitTIS/ObligatorioTIS/src/core/listado.js","statementMap":{"0":{"start":{"line":6,"column":4},"end":{"line":6,"column":22}},"1":{"start":{"line":7,"column":50},"end":{"line":7,"column":70}},"2":{"start":{"line":10,"column":18},"end":{"line":10,"column":23}},"3":{"start":{"line":11,"column":22},"end":{"line":11,"column":26}},"4":{"start":{"line":15,"column":2},"end":{"line":32,"column":5}},"5":{"start":{"line":16,"column":4},"end":{"line":31,"column":7}},"6":{"start":{"line":18,"column":6},"end":{"line":20,"column":8}},"7":{"start":{"line":19,"column":8},"end":{"line":19,"column":39}},"8":{"start":{"line":21,"column":6},"end":{"line":21,"column":60}},"9":{"start":{"line":24,"column":6},"end":{"line":24,"column":37}},"10":{"start":{"line":27,"column":6},"end":{"line":27,"column":44}},"11":{"start":{"line":28,"column":6},"end":{"line":28,"column":29}},"12":{"start":{"line":30,"column":6},"end":{"line":30,"column":30}},"13":{"start":{"line":35,"column":2},"end":{"line":40,"column":5}},"14":{"start":{"line":36,"column":20},"end":{"line":36,"column":36}},"15":{"start":{"line":37,"column":4},"end":{"line":39,"column":6}},"16":{"start":{"line":38,"column":15},"end":{"line":38,"column":35}},"17":{"start":{"line":43,"column":2},"end":{"line":57,"column":5}},"18":{"start":{"line":44,"column":16},"end":{"line":44,"column":46}},"19":{"start":{"line":45,"column":4},"end":{"line":48,"column":5}},"20":{"start":{"line":46,"column":6},"end":{"line":46,"column":49}},"21":{"start":{"line":47,"column":6},"end":{"line":47,"column":13}},"22":{"start":{"line":50,"column":21},"end":{"line":52,"column":5}},"23":{"start":{"line":51,"column":6},"end":{"line":51,"column":60}},"24":{"start":{"line":53,"column":4},"end":{"line":53,"column":31}},"25":{"start":{"line":54,"column":4},"end":{"line":54,"column":36}},"26":{"start":{"line":55,"column":4},"end":{"line":55,"column":28}},"27":{"start":{"line":56,"column":4},"end":{"line":56,"column":36}},"28":{"start":{"line":60,"column":20},"end":{"line":60,"column":41}},"29":{"start":{"line":61,"column":22},"end":{"line":61,"column":45}},"30":{"start":{"line":63,"column":2},"end":{"line":65,"column":5}},"31":{"start":{"line":64,"column":4},"end":{"line":64,"column":70}},"32":{"start":{"line":67,"column":2},"end":{"line":76,"column":5}},"33":{"start":{"line":68,"column":4},"end":{"line":68,"column":38}},"34":{"start":{"line":70,"column":4},"end":{"line":72,"column":6}},"35":{"start":{"line":71,"column":6},"end":{"line":71,"column":37}},"36":{"start":{"line":74,"column":4},"end":{"line":74,"column":43}},"37":{"start":{"line":75,"column":4},"end":{"line":75,"column":28}},"38":{"start":{"line":78,"column":2},"end":{"line":78,"column":26}},"39":{"start":{"line":82,"column":2},"end":{"line":84,"column":4}},"40":{"start":{"line":83,"column":12},"end":{"line":83,"column":25}},"41":{"start":{"line":88,"column":16},"end":{"line":88,"column":35}},"42":{"start":{"line":89,"column":19},"end":{"line":89,"column":34}},"43":{"start":{"line":91,"column":19},"end":{"line":91,"column":44}},"44":{"start":{"line":92,"column":13},"end":{"line":92,"column":21}},"45":{"start":{"line":94,"column":2},"end":{"line":104,"column":3}},"46":{"start":{"line":95,"column":4},"end":{"line":95,"column":65}},"47":{"start":{"line":95,"column":34},"end":{"line":95,"column":63}},"48":{"start":{"line":96,"column":9},"end":{"line":104,"column":3}},"49":{"start":{"line":97,"column":4},"end":{"line":97,"column":58}},"50":{"start":{"line":97,"column":34},"end":{"line":97,"column":56}},"51":{"start":{"line":98,"column":9},"end":{"line":104,"column":3}},"52":{"start":{"line":99,"column":4},"end":{"line":99,"column":57}},"53":{"start":{"line":99,"column":34},"end":{"line":99,"column":55}},"54":{"start":{"line":100,"column":9},"end":{"line":104,"column":3}},"55":{"start":{"line":101,"column":4},"end":{"line":101,"column":60}},"56":{"start":{"line":101,"column":34},"end":{"line":101,"column":58}},"57":{"start":{"line":103,"column":4},"end":{"line":103,"column":20}},"58":{"start":{"line":106,"column":2},"end":{"line":110,"column":5}},"59":{"start":{"line":107,"column":17},"end":{"line":107,"column":41}},"60":{"start":{"line":108,"column":17},"end":{"line":108,"column":41}},"61":{"start":{"line":109,"column":4},"end":{"line":109,"column":36}},"62":{"start":{"line":115,"column":2},"end":{"line":124,"column":3}},"63":{"start":{"line":116,"column":4},"end":{"line":122,"column":6}},"64":{"start":{"line":123,"column":4},"end":{"line":123,"column":11}},"65":{"start":{"line":126,"column":2},"end":{"line":148,"column":14}},"66":{"start":{"line":128,"column":16},"end":{"line":128,"column":42}},"67":{"start":{"line":129,"column":16},"end":{"line":129,"column":49}},"68":{"start":{"line":131,"column":8},"end":{"line":131,"column":68}},"69":{"start":{"line":132,"column":20},"end":{"line":132,"column":39}},"70":{"start":{"line":133,"column":6},"end":{"line":146,"column":6}},"71":{"start":{"line":151,"column":0},"end":{"line":155,"column":2}}},"fnMap":{"0":{"name":"initAdmin","decl":{"start":{"line":13,"column":9},"end":{"line":13,"column":18}},"loc":{"start":{"line":13,"column":21},"end":{"line":79,"column":1}},"line":13},"1":{"name":"(anonymous_1)","decl":{"start":{"line":15,"column":41},"end":{"line":15,"column":42}},"loc":{"start":{"line":15,"column":50},"end":{"line":32,"column":3}},"line":15},"2":{"name":"(anonymous_2)","decl":{"start":{"line":16,"column":34},"end":{"line":16,"column":35}},"loc":{"start":{"line":16,"column":40},"end":{"line":31,"column":5}},"line":16},"3":{"name":"(anonymous_3)","decl":{"start":{"line":18,"column":45},"end":{"line":18,"column":46}},"loc":{"start":{"line":19,"column":8},"end":{"line":19,"column":39}},"line":19},"4":{"name":"(anonymous_4)","decl":{"start":{"line":35,"column":45},"end":{"line":35,"column":46}},"loc":{"start":{"line":35,"column":52},"end":{"line":40,"column":3}},"line":35},"5":{"name":"(anonymous_5)","decl":{"start":{"line":38,"column":6},"end":{"line":38,"column":7}},"loc":{"start":{"line":38,"column":15},"end":{"line":38,"column":35}},"line":38},"6":{"name":"(anonymous_6)","decl":{"start":{"line":43,"column":49},"end":{"line":43,"column":50}},"loc":{"start":{"line":43,"column":55},"end":{"line":57,"column":3}},"line":43},"7":{"name":"(anonymous_7)","decl":{"start":{"line":50,"column":41},"end":{"line":50,"column":42}},"loc":{"start":{"line":51,"column":6},"end":{"line":51,"column":60}},"line":51},"8":{"name":"(anonymous_8)","decl":{"start":{"line":63,"column":40},"end":{"line":63,"column":41}},"loc":{"start":{"line":63,"column":46},"end":{"line":65,"column":3}},"line":63},"9":{"name":"(anonymous_9)","decl":{"start":{"line":67,"column":39},"end":{"line":67,"column":40}},"loc":{"start":{"line":67,"column":45},"end":{"line":76,"column":3}},"line":67},"10":{"name":"(anonymous_10)","decl":{"start":{"line":70,"column":43},"end":{"line":70,"column":44}},"loc":{"start":{"line":71,"column":6},"end":{"line":71,"column":37}},"line":71},"11":{"name":"obtenerIdTurnosSeleccionados","decl":{"start":{"line":81,"column":9},"end":{"line":81,"column":37}},"loc":{"start":{"line":81,"column":40},"end":{"line":85,"column":1}},"line":81},"12":{"name":"(anonymous_12)","decl":{"start":{"line":83,"column":4},"end":{"line":83,"column":5}},"loc":{"start":{"line":83,"column":12},"end":{"line":83,"column":25}},"line":83},"13":{"name":"renderizarTablaTurnos","decl":{"start":{"line":87,"column":9},"end":{"line":87,"column":30}},"loc":{"start":{"line":87,"column":33},"end":{"line":149,"column":1}},"line":87},"14":{"name":"(anonymous_14)","decl":{"start":{"line":95,"column":27},"end":{"line":95,"column":28}},"loc":{"start":{"line":95,"column":34},"end":{"line":95,"column":63}},"line":95},"15":{"name":"(anonymous_15)","decl":{"start":{"line":97,"column":27},"end":{"line":97,"column":28}},"loc":{"start":{"line":97,"column":34},"end":{"line":97,"column":56}},"line":97},"16":{"name":"(anonymous_16)","decl":{"start":{"line":99,"column":27},"end":{"line":99,"column":28}},"loc":{"start":{"line":99,"column":34},"end":{"line":99,"column":55}},"line":99},"17":{"name":"(anonymous_17)","decl":{"start":{"line":101,"column":27},"end":{"line":101,"column":28}},"loc":{"start":{"line":101,"column":34},"end":{"line":101,"column":58}},"line":101},"18":{"name":"(anonymous_18)","decl":{"start":{"line":106,"column":27},"end":{"line":106,"column":28}},"loc":{"start":{"line":106,"column":37},"end":{"line":110,"column":3}},"line":106},"19":{"name":"(anonymous_19)","decl":{"start":{"line":127,"column":9},"end":{"line":127,"column":10}},"loc":{"start":{"line":127,"column":16},"end":{"line":147,"column":5}},"line":127}},"branchMap":{"0":{"loc":{"start":{"line":45,"column":4},"end":{"line":48,"column":5}},"type":"if","locations":[{"start":{"line":45,"column":4},"end":{"line":48,"column":5}},{"start":{},"end":{}}],"line":45},"1":{"loc":{"start":{"line":51,"column":6},"end":{"line":51,"column":60}},"type":"cond-expr","locations":[{"start":{"line":51,"column":27},"end":{"line":51,"column":56}},{"start":{"line":51,"column":59},"end":{"line":51,"column":60}}],"line":51},"2":{"loc":{"start":{"line":64,"column":4},"end":{"line":64,"column":69}},"type":"cond-expr","locations":[{"start":{"line":64,"column":27},"end":{"line":64,"column":49}},{"start":{"line":64,"column":52},"end":{"line":64,"column":69}}],"line":64},"3":{"loc":{"start":{"line":94,"column":2},"end":{"line":104,"column":3}},"type":"if","locations":[{"start":{"line":94,"column":2},"end":{"line":104,"column":3}},{"start":{"line":96,"column":9},"end":{"line":104,"column":3}}],"line":94},"4":{"loc":{"start":{"line":96,"column":9},"end":{"line":104,"column":3}},"type":"if","locations":[{"start":{"line":96,"column":9},"end":{"line":104,"column":3}},{"start":{"line":98,"column":9},"end":{"line":104,"column":3}}],"line":96},"5":{"loc":{"start":{"line":98,"column":9},"end":{"line":104,"column":3}},"type":"if","locations":[{"start":{"line":98,"column":9},"end":{"line":104,"column":3}},{"start":{"line":100,"column":9},"end":{"line":104,"column":3}}],"line":98},"6":{"loc":{"start":{"line":100,"column":9},"end":{"line":104,"column":3}},"type":"if","locations":[{"start":{"line":100,"column":9},"end":{"line":104,"column":3}},{"start":{"line":102,"column":9},"end":{"line":104,"column":3}}],"line":100},"7":{"loc":{"start":{"line":115,"column":2},"end":{"line":124,"column":3}},"type":"if","locations":[{"start":{"line":115,"column":2},"end":{"line":124,"column":3}},{"start":{},"end":{}}],"line":115},"8":{"loc":{"start":{"line":131,"column":8},"end":{"line":131,"column":68}},"type":"cond-expr","locations":[{"start":{"line":131,"column":32},"end":{"line":131,"column":47}},{"start":{"line":131,"column":50},"end":{"line":131,"column":68}}],"line":131},"9":{"loc":{"start":{"line":141,"column":14},"end":{"line":141,"column":31}},"type":"cond-expr","locations":[{"start":{"line":141,"column":18},"end":{"line":141,"column":25}},{"start":{"line":141,"column":28},"end":{"line":141,"column":31}}],"line":141},"10":{"loc":{"start":{"line":142,"column":14},"end":{"line":142,"column":30}},"type":"cond-expr","locations":[{"start":{"line":142,"column":18},"end":{"line":142,"column":24}},{"start":{"line":142,"column":27},"end":{"line":142,"column":30}}],"line":142}},"s":{"0":1,"1":1,"2":1,"3":1,"4":5,"5":15,"6":1,"7":3,"8":1,"9":1,"10":1,"11":1,"12":1,"13":5,"14":1,"15":1,"16":2,"17":5,"18":2,"19":2,"20":1,"21":1,"22":1,"23":2,"24":1,"25":1,"26":1,"27":1,"28":5,"29":5,"30":5,"31":0,"32":5,"33":1,"34":1,"35":3,"36":1,"37":1,"38":5,"39":3,"40":3,"41":10,"42":10,"43":10,"44":10,"45":10,"46":1,"47":3,"48":9,"49":3,"50":4,"51":6,"52":6,"53":12,"54":0,"55":0,"56":0,"57":0,"58":10,"59":8,"60":8,"61":8,"62":10,"63":1,"64":1,"65":9,"66":16,"67":16,"68":16,"69":16,"70":16,"71":1},"f":{"0":5,"1":15,"2":1,"3":3,"4":1,"5":2,"6":2,"7":2,"8":0,"9":1,"10":3,"11":3,"12":3,"13":10,"14":3,"15":4,"16":12,"17":0,"18":8,"19":16},"b":{"0":[1,1],"1":[1,1],"2":[0,0],"3":[1,9],"4":[3,6],"5":[6,0],"6":[0,0],"7":[1,9],"8":[15,1],"9":[16,0],"10":[16,0]},"_coverageSchema":"1a1c01bbd47fc00a2c39e90264f33305004495a9","hash":"fcf92eb54f982c8ee485b1f309419a7f6525d98e"}
,"/Users/Diego/Desktop/ort/analista programador/talleres/ingenieria de software/gitTIS/ObligatorioTIS/src/core/servicios.js": {"path":"/Users/Diego/Desktop/ort/analista programador/talleres/ingenieria de software/gitTIS/ObligatorioTIS/src/core/servicios.js","statementMap":{"0":{"start":{"line":1,"column":14},"end":{"line":1,"column":34}},"1":{"start":{"line":2,"column":22},"end":{"line":2,"column":45}},"2":{"start":{"line":5,"column":2},"end":{"line":5,"column":44}},"3":{"start":{"line":5,"column":31},"end":{"line":5,"column":42}},"4":{"start":{"line":10,"column":15},"end":{"line":10,"column":33}},"5":{"start":{"line":12,"column":2},"end":{"line":48,"column":14}},"6":{"start":{"line":15,"column":8},"end":{"line":17,"column":180}},"7":{"start":{"line":20,"column":8},"end":{"line":22,"column":41}},"8":{"start":{"line":24,"column":6},"end":{"line":46,"column":8}},"9":{"start":{"line":51,"column":0},"end":{"line":54,"column":2}}},"fnMap":{"0":{"name":"servicioPorId","decl":{"start":{"line":4,"column":9},"end":{"line":4,"column":22}},"loc":{"start":{"line":4,"column":27},"end":{"line":6,"column":1}},"line":4},"1":{"name":"(anonymous_1)","decl":{"start":{"line":5,"column":24},"end":{"line":5,"column":25}},"loc":{"start":{"line":5,"column":31},"end":{"line":5,"column":42}},"line":5},"2":{"name":"cargarServicios","decl":{"start":{"line":9,"column":9},"end":{"line":9,"column":24}},"loc":{"start":{"line":9,"column":27},"end":{"line":49,"column":1}},"line":9},"3":{"name":"(anonymous_3)","decl":{"start":{"line":13,"column":9},"end":{"line":13,"column":10}},"loc":{"start":{"line":13,"column":16},"end":{"line":47,"column":5}},"line":13}},"branchMap":{"0":{"loc":{"start":{"line":15,"column":8},"end":{"line":17,"column":180}},"type":"cond-expr","locations":[{"start":{"line":16,"column":12},"end":{"line":16,"column":179}},{"start":{"line":17,"column":12},"end":{"line":17,"column":180}}],"line":15},"1":{"loc":{"start":{"line":20,"column":8},"end":{"line":22,"column":41}},"type":"cond-expr","locations":[{"start":{"line":21,"column":12},"end":{"line":21,"column":43}},{"start":{"line":22,"column":12},"end":{"line":22,"column":41}}],"line":20},"2":{"loc":{"start":{"line":32,"column":36},"end":{"line":32,"column":82}},"type":"cond-expr","locations":[{"start":{"line":32,"column":57},"end":{"line":32,"column":64}},{"start":{"line":32,"column":67},"end":{"line":32,"column":82}}],"line":32},"3":{"loc":{"start":{"line":39,"column":14},"end":{"line":41,"column":46}},"type":"cond-expr","locations":[{"start":{"line":40,"column":18},"end":{"line":40,"column":41}},{"start":{"line":41,"column":18},"end":{"line":41,"column":46}}],"line":39}},"s":{"0":1,"1":1,"2":1,"3":1,"4":3,"5":3,"6":6,"7":6,"8":6,"9":1},"f":{"0":1,"1":1,"2":3,"3":6},"b":{"0":[3,3],"1":[3,3],"2":[3,3],"3":[3,3]},"_coverageSchema":"1a1c01bbd47fc00a2c39e90264f33305004495a9","hash":"4101736cdd74895bf812436e9ea29596d50aca87"}
}
