TN:
SF:src\core\constantes.js
FNF:0
FNH:0
DA:1,7
DA:8,7
DA:26,7
DA:87,7
DA:114,7
LF:5
LH:5
BRF:0
BRH:0
end_of_record
TN:
SF:src\core\equipo.js
FN:4,profesionalPorId
FN:5,(anonymous_1)
FN:9,cargarEquipo
FN:13,(anonymous_3)
FNF:4
FNH:4
FNDA:1,profesionalPorId
FNDA:1,(anonymous_1)
FNDA:5,cargarEquipo
FNDA:30,(anonymous_3)
DA:1,1
DA:2,1
DA:5,1
DA:10,5
DA:11,5
DA:13,30
DA:35,1
LF:7
LH:7
BRDA:17,0,0,30
BRDA:17,0,1,0
BRDA:22,1,0,15
BRDA:22,1,1,15
BRDA:23,2,0,15
BRDA:23,2,1,15
BRDA:28,3,0,15
BRDA:28,3,1,15
BRF:8
BRH:7
end_of_record
TN:
SF:src\core\formulario.js
FN:14,mostrarOpcionesProfesionales
FN:17,(anonymous_1)
FN:24,(anonymous_2)
FN:32,actualizarHorariosDisponibles
FN:60,(anonymous_4)
FN:65,(anonymous_5)
FN:70,(anonymous_6)
FN:79,formularioTurno
FN:82,(anonymous_8)
FN:101,(anonymous_9)
FN:107,(anonymous_10)
FN:153,(anonymous_11)
FN:217,generarSlotsTiempo
FNF:13
FNH:13
FNDA:13,mostrarOpcionesProfesionales
FNDA:6,(anonymous_1)
FNDA:36,(anonymous_2)
FNDA:5,actualizarHorariosDisponibles
FNDA:3,(anonymous_4)
FNDA:3,(anonymous_5)
FNDA:36,(anonymous_6)
FNDA:8,formularioTurno
FNDA:1,(anonymous_8)
FNDA:1,(anonymous_9)
FNDA:5,(anonymous_10)
FNDA:1,(anonymous_11)
FNDA:8,generarSlotsTiempo
DA:1,1
DA:8,1
DA:9,1
DA:10,1
DA:15,13
DA:16,13
DA:17,6
DA:20,13
DA:25,36
DA:33,5
DA:34,5
DA:35,5
DA:37,5
DA:38,2
DA:39,2
DA:43,3
DA:44,3
DA:45,3
DA:47,3
DA:48,3
DA:49,1
DA:50,1
DA:56,2
DA:57,2
DA:61,3
DA:65,3
DA:69,2
DA:71,36
DA:72,36
DA:76,2
DA:82,8
DA:83,1
DA:84,1
DA:86,1
DA:89,1
DA:90,1
DA:94,8
DA:95,8
DA:101,8
DA:102,1
DA:103,1
DA:104,1
DA:107,8
DA:108,5
DA:110,5
DA:111,5
DA:112,5
DA:113,5
DA:114,5
DA:115,5
DA:116,5
DA:119,5
DA:128,1
DA:129,1
DA:133,4
DA:134,4
DA:137,4
DA:139,4
DA:140,1
DA:141,1
DA:145,3
DA:146,1
DA:147,1
DA:151,2
DA:152,2
DA:154,1
DA:161,2
DA:162,1
DA:164,1
DA:165,1
DA:169,1
DA:181,1
DA:182,1
DA:185,1
DA:186,1
DA:188,1
DA:190,1
DA:194,1
DA:197,1
DA:198,1
DA:199,1
DA:200,1
DA:204,8
DA:207,8
DA:218,8
DA:219,8
DA:220,8
DA:222,6
DA:223,6
DA:225,6
DA:226,6
DA:227,73
DA:228,73
DA:229,73
DA:231,6
DA:234,1
LF:96
LH:96
BRDA:16,0,0,2
BRDA:16,0,1,11
BRDA:26,1,0,24
BRDA:26,1,1,12
BRDA:37,2,0,2
BRDA:37,2,1,3
BRDA:37,3,0,5
BRDA:37,3,1,3
BRDA:45,4,0,0
BRDA:45,4,1,3
BRDA:48,5,0,1
BRDA:48,5,1,2
BRDA:61,6,0,3
BRDA:61,6,1,3
BRDA:61,6,2,3
BRDA:61,6,3,3
BRDA:72,7,0,3
BRDA:72,7,1,33
BRDA:72,8,0,3
BRDA:72,8,1,33
BRDA:86,9,0,1
BRDA:86,9,1,0
BRDA:119,10,0,1
BRDA:119,10,1,4
BRDA:120,11,0,5
BRDA:120,11,1,4
BRDA:120,11,2,4
BRDA:120,11,3,4
BRDA:120,11,4,4
BRDA:120,11,5,4
BRDA:120,11,6,4
BRDA:134,12,0,0
BRDA:134,12,1,4
BRDA:139,13,0,1
BRDA:139,13,1,3
BRDA:145,14,0,1
BRDA:145,14,1,2
BRDA:154,15,0,1
BRDA:154,15,1,1
BRDA:154,15,2,1
BRDA:154,15,3,1
BRDA:161,16,0,1
BRDA:161,16,1,1
BRDA:220,17,0,2
BRDA:220,17,1,6
BRDA:223,18,0,2
BRDA:223,18,1,4
BRF:47
BRH:44
end_of_record
TN:
SF:src\core\galeria.js
FN:5,cargarGaleria
FN:14,(anonymous_1)
FN:23,(anonymous_2)
FN:28,(anonymous_3)
FN:34,(anonymous_4)
FN:46,go
FN:49,(anonymous_6)
FN:53,(anonymous_7)
FN:57,(anonymous_8)
FN:61,(anonymous_9)
FN:62,(anonymous_10)
FN:73,auto
FN:74,(anonymous_12)
FN:76,resetAuto
FNF:14
FNH:11
FNDA:5,cargarGaleria
FNDA:20,(anonymous_1)
FNDA:20,(anonymous_2)
FNDA:0,(anonymous_3)
FNDA:20,(anonymous_4)
FNDA:7,go
FNDA:28,(anonymous_6)
FNDA:1,(anonymous_7)
FNDA:1,(anonymous_8)
FNDA:20,(anonymous_9)
FNDA:0,(anonymous_10)
FNDA:7,auto
FNDA:0,(anonymous_12)
FNDA:2,resetAuto
DA:1,1
DA:2,1
DA:6,5
DA:7,5
DA:8,5
DA:9,5
DA:12,5
DA:14,20
DA:23,5
DA:24,20
DA:25,20
DA:27,20
DA:28,20
DA:29,20
DA:33,5
DA:34,20
DA:36,5
DA:38,5
DA:47,7
DA:48,7
DA:49,28
DA:50,7
DA:53,5
DA:54,1
DA:55,1
DA:57,5
DA:58,1
DA:59,1
DA:61,5
DA:62,20
DA:63,0
DA:64,0
DA:68,5
DA:72,5
DA:74,7
DA:77,2
DA:78,2
DA:80,5
DA:83,1
LF:39
LH:37
BRF:0
BRH:0
end_of_record
TN:
SF:src\core\helpers.js
FN:5,(anonymous_0)
FN:6,(anonymous_1)
FN:12,readLS
FN:20,writeLS
FN:25,pad2
FN:29,formatDateISO
FN:38,showToast
FN:43,(anonymous_7)
FNF:8
FNH:8
FNDA:116,(anonymous_0)
FNDA:11,(anonymous_1)
FNDA:24,readLS
FNDA:7,writeLS
FNDA:10,pad2
FNDA:3,formatDateISO
FNDA:3,showToast
FNDA:2,(anonymous_7)
DA:5,116
DA:6,11
DA:13,24
DA:14,24
DA:15,24
DA:17,1
DA:21,7
DA:26,10
DA:30,3
DA:31,3
DA:32,3
DA:33,3
DA:39,3
DA:40,3
DA:41,3
DA:42,3
DA:43,3
DA:46,7
LF:18
LH:18
BRDA:15,0,0,11
BRDA:15,0,1,13
BRF:2
BRH:2
end_of_record
TN:
SF:src\core\listado.js
FN:14,resetAdminState
FN:19,initAdmin
FN:26,(anonymous_2)
FN:27,(anonymous_3)
FN:29,(anonymous_4)
FN:46,(anonymous_5)
FN:49,(anonymous_6)
FN:54,(anonymous_7)
FN:61,(anonymous_8)
FN:74,(anonymous_9)
FN:78,(anonymous_10)
FN:81,(anonymous_11)
FN:92,obtenerIdTurnosSeleccionados
FN:94,(anonymous_13)
FN:98,renderizarTablaTurnos
FN:106,(anonymous_15)
FN:108,(anonymous_16)
FN:110,(anonymous_17)
FN:112,(anonymous_18)
FN:117,(anonymous_19)
FN:138,(anonymous_20)
FNF:21
FNH:19
FNDA:1,resetAdminState
FNDA:7,initAdmin
FNDA:18,(anonymous_2)
FNDA:1,(anonymous_3)
FNDA:3,(anonymous_4)
FNDA:1,(anonymous_5)
FNDA:2,(anonymous_6)
FNDA:2,(anonymous_7)
FNDA:2,(anonymous_8)
FNDA:0,(anonymous_9)
FNDA:1,(anonymous_10)
FNDA:3,(anonymous_11)
FNDA:3,obtenerIdTurnosSeleccionados
FNDA:3,(anonymous_13)
FNDA:11,renderizarTablaTurnos
FNDA:3,(anonymous_15)
FNDA:5,(anonymous_16)
FNDA:12,(anonymous_17)
FNDA:0,(anonymous_18)
FNDA:9,(anonymous_19)
FNDA:17,(anonymous_20)
DA:6,1
DA:7,1
DA:8,1
DA:11,1
DA:12,1
DA:15,1
DA:16,1
DA:20,7
DA:21,7
DA:23,1
DA:26,6
DA:27,18
DA:29,1
DA:30,3
DA:32,1
DA:35,1
DA:38,1
DA:39,1
DA:41,1
DA:46,6
DA:47,1
DA:48,1
DA:49,2
DA:54,6
DA:55,2
DA:56,2
DA:57,1
DA:58,1
DA:61,1
DA:62,2
DA:64,1
DA:65,1
DA:66,1
DA:67,1
DA:71,6
DA:72,6
DA:74,6
DA:75,0
DA:78,6
DA:79,1
DA:81,1
DA:82,3
DA:85,1
DA:86,1
DA:89,6
DA:93,3
DA:94,3
DA:99,11
DA:100,11
DA:102,11
DA:103,11
DA:105,11
DA:106,3
DA:107,10
DA:108,5
DA:109,6
DA:110,12
DA:111,0
DA:112,0
DA:114,0
DA:117,11
DA:118,9
DA:119,9
DA:120,9
DA:126,11
DA:127,1
DA:134,1
DA:137,10
DA:139,17
DA:140,17
DA:142,17
DA:143,17
DA:144,17
DA:162,1
LF:74
LH:70
BRDA:21,0,0,1
BRDA:21,0,1,6
BRDA:56,1,0,1
BRDA:56,1,1,1
BRDA:62,2,0,1
BRDA:62,2,1,1
BRDA:75,3,0,0
BRDA:75,3,1,0
BRDA:105,4,0,1
BRDA:105,4,1,10
BRDA:107,5,0,4
BRDA:107,5,1,6
BRDA:109,6,0,6
BRDA:109,6,1,0
BRDA:111,7,0,0
BRDA:111,7,1,0
BRDA:126,8,0,1
BRDA:126,8,1,10
BRDA:142,9,0,16
BRDA:142,9,1,1
BRDA:152,10,0,17
BRDA:152,10,1,0
BRDA:153,11,0,17
BRDA:153,11,1,0
BRF:24
BRH:17
end_of_record
TN:
SF:src\core\modal.js
FN:4,openModal
FN:10,closeModal
FN:18,initModal
FN:19,(anonymous_3)
FN:22,(anonymous_4)
FNF:5
FNH:5
FNDA:6,openModal
FNDA:4,closeModal
FNDA:4,initModal
FNDA:4,(anonymous_3)
FNDA:6,(anonymous_4)
DA:1,1
DA:5,6
DA:6,6
DA:7,6
DA:8,6
DA:11,4
DA:12,4
DA:13,4
DA:19,4
DA:20,4
DA:22,4
DA:23,6
DA:27,1
LF:13
LH:13
BRDA:20,0,0,1
BRDA:20,0,1,3
BRDA:23,1,0,2
BRDA:23,1,1,4
BRF:4
BRH:4
end_of_record
TN:
SF:src\core\servicios.js
FN:4,servicioPorId
FN:5,(anonymous_1)
FN:9,cargarServicios
FN:13,(anonymous_3)
FNF:4
FNH:4
FNDA:1,servicioPorId
FNDA:1,(anonymous_1)
FNDA:3,cargarServicios
FNDA:6,(anonymous_3)
DA:1,1
DA:2,1
DA:5,1
DA:10,3
DA:12,3
DA:15,6
DA:20,6
DA:24,6
DA:51,1
LF:9
LH:9
BRDA:15,0,0,3
BRDA:15,0,1,3
BRDA:20,1,0,3
BRDA:20,1,1,3
BRDA:32,2,0,3
BRDA:32,2,1,3
BRDA:39,3,0,3
BRDA:39,3,1,3
BRF:8
BRH:8
end_of_record
TN:
SF:src\core\sesion.js
FN:4,isAdmin
FN:9,getUsers
FN:15,getSession
FN:18,setSession
FN:23,updateSessionLabel
FN:54,initAuth
FN:60,(anonymous_6)
FN:67,(anonymous_7)
FN:88,(anonymous_8)
FNF:9
FNH:9
FNDA:2,isAdmin
FNDA:4,getUsers
FNDA:16,getSession
FNDA:5,setSession
FNDA:13,updateSessionLabel
FNDA:5,initAuth
FNDA:3,(anonymous_6)
FNDA:3,(anonymous_7)
FNDA:2,(anonymous_8)
DA:1,1
DA:2,1
DA:5,2
DA:6,2
DA:10,4
DA:16,16
DA:19,5
DA:20,5
DA:24,13
DA:27,13
DA:28,13
DA:29,13
DA:31,13
DA:34,13
DA:35,13
DA:36,13
DA:37,13
DA:41,13
DA:42,13
DA:43,13
DA:44,13
DA:47,13
DA:48,13
DA:49,13
DA:50,13
DA:55,5
DA:58,5
DA:59,5
DA:60,5
DA:61,3
DA:62,3
DA:63,3
DA:65,3
DA:66,3
DA:68,3
DA:72,3
DA:73,1
DA:74,1
DA:77,2
DA:79,2
DA:80,2
DA:81,2
DA:86,5
DA:87,5
DA:88,5
DA:89,2
DA:90,2
DA:91,2
DA:92,2
DA:98,1
LF:50
LH:50
BRDA:6,0,0,2
BRDA:6,0,1,1
BRDA:28,1,0,13
BRDA:28,1,1,0
BRDA:29,2,0,5
BRDA:29,2,1,8
BRDA:35,3,0,13
BRDA:35,3,1,0
BRDA:37,4,0,5
BRDA:37,4,1,8
BRDA:42,5,0,13
BRDA:42,5,1,0
BRDA:44,6,0,5
BRDA:44,6,1,8
BRDA:48,7,0,13
BRDA:48,7,1,0
BRDA:50,8,0,5
BRDA:50,8,1,8
BRDA:59,9,0,5
BRDA:59,9,1,0
BRDA:68,10,0,3
BRDA:68,10,1,3
BRDA:72,11,0,1
BRDA:72,11,1,2
BRDA:87,12,0,5
BRDA:87,12,1,0
BRDA:90,13,0,2
BRDA:90,13,1,0
BRF:28
BRH:21
end_of_record
TN:
SF:src\core\turno.js
FN:4,servicioPorId
FN:5,(anonymous_1)
FN:8,profesionalPorId
FN:9,(anonymous_3)
FN:12,actualizarTurnos
FN:17,obtenerTurnos
FN:53,estaDentroHorarioAtencion
FNF:7
FNH:7
FNDA:1,servicioPorId
FNDA:1,(anonymous_1)
FNDA:1,profesionalPorId
FNDA:1,(anonymous_3)
FNDA:1,actualizarTurnos
FNDA:1,obtenerTurnos
FNDA:5,estaDentroHorarioAtencion
DA:1,1
DA:2,1
DA:5,1
DA:9,1
DA:13,1
DA:20,1
DA:54,5
DA:55,5
DA:56,5
DA:58,4
DA:59,4
DA:61,4
DA:62,4
DA:65,4
DA:68,1
LF:15
LH:15
BRDA:56,0,0,1
BRDA:56,0,1,4
BRDA:62,1,0,2
BRDA:62,1,1,2
BRDA:65,2,0,4
BRDA:65,2,1,4
BRF:6
BRH:6
end_of_record
