TN:
SF:src/core/constantes.js
FNF:0
FNH:0
DA:1,4
DA:8,4
DA:26,4
DA:87,4
DA:114,4
LF:5
LH:5
BRF:0
BRH:0
end_of_record
TN:
SF:src/core/equipo.js
FN:4,profesionalPorId
FN:5,(anonymous_1)
FN:9,cargarEquipo
FN:13,(anonymous_3)
FNF:4
FNH:4
FNDA:1,profesionalPorId
FNDA:1,(anonymous_1)
FNDA:5,cargarEquipo
FNDA:30,(anonymous_3)
DA:1,1
DA:2,1
DA:5,1
DA:10,5
DA:11,5
DA:13,30
DA:35,1
LF:7
LH:7
BRDA:17,0,0,30
BRDA:17,0,1,0
BRDA:22,1,0,15
BRDA:22,1,1,15
BRDA:23,2,0,15
BRDA:23,2,1,15
BRDA:28,3,0,15
BRDA:28,3,1,15
BRF:8
BRH:7
end_of_record
TN:
SF:src/core/galeria.js
FN:5,cargarGaleria
FN:14,(anonymous_1)
FN:23,(anonymous_2)
FN:28,(anonymous_3)
FN:34,(anonymous_4)
FN:46,go
FN:49,(anonymous_6)
FN:53,(anonymous_7)
FN:57,(anonymous_8)
FN:61,(anonymous_9)
FN:62,(anonymous_10)
FN:73,auto
FN:74,(anonymous_12)
FN:76,resetAuto
FNF:14
FNH:11
FNDA:5,cargarGaleria
FNDA:20,(anonymous_1)
FNDA:20,(anonymous_2)
FNDA:0,(anonymous_3)
FNDA:20,(anonymous_4)
FNDA:7,go
FNDA:28,(anonymous_6)
FNDA:1,(anonymous_7)
FNDA:1,(anonymous_8)
FNDA:20,(anonymous_9)
FNDA:0,(anonymous_10)
FNDA:7,auto
FNDA:0,(anonymous_12)
FNDA:2,resetAuto
DA:1,1
DA:2,1
DA:6,5
DA:7,5
DA:8,5
DA:9,5
DA:12,5
DA:14,20
DA:23,5
DA:24,20
DA:25,20
DA:27,20
DA:28,20
DA:29,20
DA:33,5
DA:34,20
DA:36,5
DA:38,5
DA:47,7
DA:48,7
DA:49,28
DA:50,7
DA:53,5
DA:54,1
DA:55,1
DA:57,5
DA:58,1
DA:59,1
DA:61,5
DA:62,20
DA:63,0
DA:64,0
DA:68,5
DA:72,5
DA:74,7
DA:77,2
DA:78,2
DA:80,5
DA:83,1
LF:39
LH:37
BRF:0
BRH:0
end_of_record
TN:
SF:src/core/helpers.js
FN:5,(anonymous_0)
FN:6,(anonymous_1)
FN:12,readLS
FN:20,writeLS
FN:25,pad2
FN:29,formatDateISO
FN:38,showToast
FN:43,(anonymous_7)
FNF:8
FNH:8
FNDA:32,(anonymous_0)
FNDA:11,(anonymous_1)
FNDA:3,readLS
FNDA:1,writeLS
FNDA:6,pad2
FNDA:1,formatDateISO
FNDA:3,showToast
FNDA:2,(anonymous_7)
DA:5,32
DA:6,11
DA:13,3
DA:14,3
DA:15,3
DA:17,1
DA:21,1
DA:26,6
DA:30,1
DA:31,1
DA:32,1
DA:33,1
DA:39,3
DA:40,3
DA:41,3
DA:42,3
DA:43,3
DA:46,4
LF:18
LH:18
BRDA:15,0,0,2
BRDA:15,0,1,1
BRF:2
BRH:2
end_of_record
TN:
SF:src/core/listado.js
FN:13,initAdmin
FN:15,(anonymous_1)
FN:16,(anonymous_2)
FN:18,(anonymous_3)
FN:35,(anonymous_4)
FN:38,(anonymous_5)
FN:43,(anonymous_6)
FN:50,(anonymous_7)
FN:63,(anonymous_8)
FN:67,(anonymous_9)
FN:70,(anonymous_10)
FN:81,obtenerIdTurnosSeleccionados
FN:83,(anonymous_12)
FN:87,renderizarTablaTurnos
FN:95,(anonymous_14)
FN:97,(anonymous_15)
FN:99,(anonymous_16)
FN:101,(anonymous_17)
FN:106,(anonymous_18)
FN:127,(anonymous_19)
FNF:20
FNH:18
FNDA:5,initAdmin
FNDA:15,(anonymous_1)
FNDA:1,(anonymous_2)
FNDA:3,(anonymous_3)
FNDA:1,(anonymous_4)
FNDA:2,(anonymous_5)
FNDA:2,(anonymous_6)
FNDA:2,(anonymous_7)
FNDA:0,(anonymous_8)
FNDA:1,(anonymous_9)
FNDA:3,(anonymous_10)
FNDA:3,obtenerIdTurnosSeleccionados
FNDA:3,(anonymous_12)
FNDA:10,renderizarTablaTurnos
FNDA:3,(anonymous_14)
FNDA:4,(anonymous_15)
FNDA:12,(anonymous_16)
FNDA:0,(anonymous_17)
FNDA:8,(anonymous_18)
FNDA:16,(anonymous_19)
DA:6,1
DA:7,1
DA:10,1
DA:11,1
DA:15,5
DA:16,15
DA:18,1
DA:19,3
DA:21,1
DA:24,1
DA:27,1
DA:28,1
DA:30,1
DA:35,5
DA:36,1
DA:37,1
DA:38,2
DA:43,5
DA:44,2
DA:45,2
DA:46,1
DA:47,1
DA:50,1
DA:51,2
DA:53,1
DA:54,1
DA:55,1
DA:56,1
DA:60,5
DA:61,5
DA:63,5
DA:64,0
DA:67,5
DA:68,1
DA:70,1
DA:71,3
DA:74,1
DA:75,1
DA:78,5
DA:82,3
DA:83,3
DA:88,10
DA:89,10
DA:91,10
DA:92,10
DA:94,10
DA:95,3
DA:96,9
DA:97,4
DA:98,6
DA:99,12
DA:100,0
DA:101,0
DA:103,0
DA:106,10
DA:107,8
DA:108,8
DA:109,8
DA:115,10
DA:116,1
DA:123,1
DA:126,9
DA:128,16
DA:129,16
DA:131,16
DA:132,16
DA:133,16
DA:151,1
LF:68
LH:64
BRDA:45,0,0,1
BRDA:45,0,1,1
BRDA:51,1,0,1
BRDA:51,1,1,1
BRDA:64,2,0,0
BRDA:64,2,1,0
BRDA:94,3,0,1
BRDA:94,3,1,9
BRDA:96,4,0,3
BRDA:96,4,1,6
BRDA:98,5,0,6
BRDA:98,5,1,0
BRDA:100,6,0,0
BRDA:100,6,1,0
BRDA:115,7,0,1
BRDA:115,7,1,9
BRDA:131,8,0,15
BRDA:131,8,1,1
BRDA:141,9,0,16
BRDA:141,9,1,0
BRDA:142,10,0,16
BRDA:142,10,1,0
BRF:22
BRH:15
end_of_record
TN:
SF:src/core/servicios.js
FN:4,servicioPorId
FN:5,(anonymous_1)
FN:9,cargarServicios
FN:13,(anonymous_3)
FNF:4
FNH:4
FNDA:1,servicioPorId
FNDA:1,(anonymous_1)
FNDA:3,cargarServicios
FNDA:6,(anonymous_3)
DA:1,1
DA:2,1
DA:5,1
DA:10,3
DA:12,3
DA:15,6
DA:20,6
DA:24,6
DA:51,1
LF:9
LH:9
BRDA:15,0,0,3
BRDA:15,0,1,3
BRDA:20,1,0,3
BRDA:20,1,1,3
BRDA:32,2,0,3
BRDA:32,2,1,3
BRDA:39,3,0,3
BRDA:39,3,1,3
BRF:8
BRH:8
end_of_record
